#
# A fatal error has been detected by the Java Runtime Environment:
#
#  EXCEPTION_ACCESS_VIOLATION (0xc0000005) at pc=0x00000000d6420f10, pid=25336, tid=2740
#
# JRE version: OpenJDK Runtime Environment Temurin-21.0.9+10 (21.0.9+10) (build 21.0.9+10-LTS)
# Java VM: OpenJDK 64-Bit Server VM Temurin-21.0.9+10 (21.0.9+10-LTS, mixed mode, sharing, tiered, compressed oops, compressed class ptrs, parallel gc, windows-amd64)
# Problematic frame:
# C  0x00000000d6420f10
#
# No core dump will be written. Minidumps are not enabled by default on client versions of Windows
#
# If you would like to submit a bug report, please visit:
#   https://github.com/adoptium/adoptium-support/issues
#

---------------  S U M M A R Y ------------

Command Line: --add-modules=ALL-SYSTEM --add-opens=java.base/java.util=ALL-UNNAMED --add-opens=java.base/java.lang=ALL-UNNAMED --add-opens=java.base/sun.nio.fs=ALL-UNNAMED -Declipse.application=org.eclipse.jdt.ls.core.id1 -Dosgi.bundles.defaultStartLevel=4 -Declipse.product=org.eclipse.jdt.ls.core.product -Djava.import.generatesMetadataFilesAtProjectRoot=false -DDetectVMInstallationsJob.disabled=true -Dfile.encoding=utf8 -XX:+UseParallelGC -XX:GCTimeRatio=4 -XX:AdaptiveSizePolicyWeight=90 -Dsun.zip.disableMemoryMapping=true -Xmx2G -Xms100m -Xlog:disable -javaagent:c:\Users\NIKHIL REDDY\.antigravity\extensions\redhat.java-1.52.0-win32-x64\lombok\lombok-1.18.39-4050.jar -XX:+HeapDumpOnOutOfMemoryError -XX:HeapDumpPath=c:\Users\NIKHIL REDDY\AppData\Roaming\Antigravity\User\workspaceStorage\e7b4b9530855cebf8dbcf06f17617a93\redhat.java -Daether.dependencyCollector.impl=bf c:\Users\NIKHIL REDDY\.antigravity\extensions\redhat.java-1.52.0-win32-x64\server\plugins\org.eclipse.equinox.launcher_1.7.100.v20251111-0406.jar -configuration c:\Users\NIKHIL REDDY\AppData\Roaming\Antigravity\User\globalStorage\redhat.java\1.52.0\config_win -data c:\Users\NIKHIL REDDY\AppData\Roaming\Antigravity\User\workspaceStorage\e7b4b9530855cebf8dbcf06f17617a93\redhat.java\jdt_ws --pipe=\\.\pipe\lsp-da9aff5092703cb3e915a9bfeeb19748-sock

Host: 13th Gen Intel(R) Core(TM) i5-13450HX, 16 cores, 23G,  Windows 11 , 64 bit Build 26100 (10.0.26100.7623)
Time: Sun Feb  1 19:17:53 2026 India Standard Time elapsed time: 13.918051 seconds (0d 0h 0m 13s)

---------------  T H R E A D  ---------------

Current thread (0x00000271db47bad0):  JavaThread "Worker-3: Loading available Gradle versions"        [_thread_in_Java, id=2740, stack(0x0000008d1e800000,0x0000008d1e900000) (1024K)]

Stack: [0x0000008d1e800000,0x0000008d1e900000],  sp=0x0000008d1e8fd848,  free space=1014k
Native frames: (J=compiled Java code, j=interpreted, Vv=VM code, C=native code)
C  0x00000000d6420f10


siginfo: EXCEPTION_ACCESS_VIOLATION (0xc0000005), data execution prevention violation at address 0x00000000d6420f10


Registers:
RAX=0x0000000000000001, RBX=0x000000000000004d, RCX=0x000000000000000f, RDX=0x0000000000000006
RSP=0x0000008d1e8fd848, RBP=0x0000027187458688, RSI=0x00000000d6420f38, RDI=0x00000000d63577c0
R8 =0x00000000d6420f28, R9 =0x0000000000000000, R10=0x00000000d6420f28, R11=0x00000000d63577b0
R12=0x0000000000000000, R13=0x0000008d1e8fd840, R14=0x0000008d1e8fd8e0, R15=0x00000271db47bad0
RIP=0x00000000d6420f10, EFLAGS=0x0000000000010217

XMM[0]=0x0000000000000001 0x0000006b646a5b20
XMM[1]=0x0000000000000000 0x005b000000000004
XMM[2]=0x0c98f5818685ba9f 0x4a319941fc018edf
XMM[3]=0xee830681e1ddc99f 0x59db6a41e191dddf
XMM[4]=0x000e178101b4d89f 0x34e63b4167e12cdf
XMM[5]=0x572770079167f2b3 0x6d44b5e6e254fc88
XMM[6]=0x4dba3307758a1aab 0xa871e8ad7af9b577
XMM[7]=0xe739c7fb78cdad5a 0x8b620beed0fcaaba
XMM[8]=0x6393fc094dfb2478 0x843e4337a0ee36f3
XMM[9]=0xa5a23a41a5a23a41 0xa5a23a4128d3eb18
XMM[10]=0x0000000000000000 0x000000008331b0d7
XMM[11]=0x25ac7d6125ac7d61 0x25ac7d614e806879
XMM[12]=0x0000000000000000 0x0000000028d3eb18
XMM[13]=0x0000000000000000 0x000042fa7a42c84e
XMM[14]=0x0000000000000000 0x0002e49fc019181e
XMM[15]=0x0000000000000000 0xfffabeee64c242ec
  MXCSR=0x00001fa0


Register to memory mapping:

RAX=0x0000000000000001 is an unknown value
RBX=0x000000000000004d is an unknown value
RCX=0x000000000000000f is an unknown value
RDX=0x0000000000000006 is an unknown value
RSP=0x0000008d1e8fd848 is pointing into the stack for thread: 0x00000271db47bad0
RBP=0x0000027187458688 is at code_begin+1480 in an Interpreter codelet
return entry points  [0x00000271874580c0, 0x0000027187458c60]  2976 bytes
RSI=0x00000000d6420f38 points into unknown readable memory: 0x0000006b646a5b20 | 20 5b 6a 64 6b 00 00 00
RDI=0x00000000d63577c0 points into unknown readable memory: 0x6f7263696d5f6e63 | 63 6e 5f 6d 69 63 72 6f
R8 =0x00000000d6420f28 is an oop: [B 
{0x00000000d6420f28} - klass: {type array byte}
 - length: 5
R9 =0x0 is null
R10=0x00000000d6420f28 is an oop: [B 
{0x00000000d6420f28} - klass: {type array byte}
 - length: 5
R11=0x00000000d63577b0 is an oop: [B 
{0x00000000d63577b0} - klass: {type array byte}
 - length: 83
R12=0x0 is null
R13=0x0000008d1e8fd840 is pointing into the stack for thread: 0x00000271db47bad0
R14=0x0000008d1e8fd8e0 is pointing into the stack for thread: 0x00000271db47bad0
R15=0x00000271db47bad0 is a thread

Top of Stack: (sp=0x0000008d1e8fd848)
0x0000008d1e8fd848:   00000000d6357590 0000008d1e8fd850
0x0000008d1e8fd858:   00000271d877f48c 0000000000000009
0x0000008d1e8fd868:   00000271d877f690 0000000000000000
0x0000008d1e8fd878:   00000000d5fef1b0 00000271d877f518
0x0000008d1e8fd888:   0000008d1e8fd840 0000008d1e8fd8e0
0x0000008d1e8fd898:   0000008d1e8fd930 00000271874586d2
0x0000008d1e8fd8a8:   00000000d6434968 0000000081562ce8
0x0000008d1e8fd8b8:   00000000d6357590 00000000d6420ed8
0x0000008d1e8fd8c8:   00000000d5ff3320 00000000d5ff3300
0x0000008d1e8fd8d8:   00000000d5fef260 00000000d5fef250
0x0000008d1e8fd8e8:   0000008d1e8fd8e8 00000271d877f5f9
0x0000008d1e8fd8f8:   0000000000000002 00000271d877f690
0x0000008d1e8fd908:   0000000000000000 00000000d5fef1b0
0x0000008d1e8fd918:   00000271d877f600 0000008d1e8fd8e0
0x0000008d1e8fd928:   0000008d1e8fd950 0000008d1e8fda10
0x0000008d1e8fd938:   00000271805a30d4 00000000d5fef250
0x0000008d1e8fd948:   00000271805a30d4 0000027187458560
0x0000008d1e8fd958:   00000000d5fef250 0000008d1e8fd960
0x0000008d1e8fd968:   00000271d877f3a1 0000008d1e8fda20
0x0000008d1e8fd978:   0000008d1e8fdde8 0000008d1e8fda10
0x0000008d1e8fd988:   0000027187468080 00000000d5fef250
0x0000008d1e8fd998:   00000000d5feb478 00000000000006b6
0x0000008d1e8fd9a8:   0000008d1e8fda10 0000008d1e8fda10
0x0000008d1e8fd9b8:   00000271874586d2 00000000d5fef250
0x0000008d1e8fd9c8:   0000008d1e8fd9c8 00000271d877e98b
0x0000008d1e8fd9d8:   0000000000000002 00000271d877ea48
0x0000008d1e8fd9e8:   0000000000000000 00000000d5feb478
0x0000008d1e8fd9f8:   00000271d877e990 0000008d1e8fd9c0
0x0000008d1e8fda08:   0000008d1e8fda28 0000008d1e8fdc00
0x0000008d1e8fda18:   000002718745100d 0000000000000000
0x0000008d1e8fda28:   00000271f93aa400 0000008d1e8fdaf0
0x0000008d1e8fda38:   00000271fb7e5e40 00000271db47bad0 

Instructions: (pc=0x00000000d6420f10)
0x00000000d6420e10:   00 00 00 00 00 00 00 00 01 00 00 00 00 00 00 00
0x00000000d6420e20:   b8 1f 3e 01 00 00 00 00 01 00 00 00 00 00 00 00
0x00000000d6420e30:   f8 dd 0d 00 38 0e 42 d6 01 00 00 00 00 00 00 00
0x00000000d6420e40:   80 c2 08 00 00 00 00 00 00 00 00 00 58 00 00 00
0x00000000d6420e50:   58 00 00 00 60 00 00 00 00 00 40 3f 78 c1 42 d6
0x00000000d6420e60:   00 00 00 00 00 00 00 00 01 00 00 00 00 00 00 00
0x00000000d6420e70:   f8 dd 0d 00 78 0e 42 d6 01 00 00 00 00 00 00 00
0x00000000d6420e80:   80 c2 08 00 00 00 00 00 00 00 00 00 58 00 00 00
0x00000000d6420e90:   58 00 00 00 60 00 00 00 00 00 40 3f a8 c3 42 d6
0x00000000d6420ea0:   00 00 00 00 00 00 00 00 01 00 00 00 00 00 00 00
0x00000000d6420eb0:   78 38 13 00 c0 0e 42 d6 48 5c ff d5 00 00 00 00
0x00000000d6420ec0:   01 00 00 00 00 00 00 00 30 57 05 01 00 00 00 00
0x00000000d6420ed0:   08 5c ff d5 00 00 00 00 01 00 00 00 00 00 00 00
0x00000000d6420ee0:   48 36 1d 00 f0 0e 42 d6 a8 0e 42 d6 00 00 00 00
0x00000000d6420ef0:   01 00 00 00 00 00 00 00 78 5c 05 01 93 00 00 00
0x00000000d6420f00:   00 00 00 00 28 bf 35 d6 38 84 35 d6 08 5c ff d5
0x00000000d6420f10:   01 00 00 00 00 00 00 00 78 e8 00 00 00 00 00 00
0x00000000d6420f20:   00 00 00 00 28 0f 42 d6 01 00 00 00 00 00 00 00
0x00000000d6420f30:   18 23 00 00 05 00 00 00 20 5b 6a 64 6b 00 00 00
0x00000000d6420f40:   01 00 00 00 00 00 00 00 60 a0 4f 01 a0 4d 20 81
0x00000000d6420f50:   00 00 00 00 00 00 00 00 01 00 00 00 00 00 00 00
0x00000000d6420f60:   b8 aa 17 00 04 00 00 00 00 00 00 00 70 12 42 d6
0x00000000d6420f70:   00 00 00 00 00 00 00 00 01 00 00 00 00 00 00 00
0x00000000d6420f80:   b0 b5 17 00 fd ff ff ff 00 00 00 00 00 00 00 00
0x00000000d6420f90:   00 00 00 00 00 00 00 00 01 00 00 00 00 00 00 00
0x00000000d6420fa0:   98 f9 04 01 c0 3b 00 80 e0 36 00 80 e0 36 00 80
0x00000000d6420fb0:   01 00 00 00 00 00 00 00 a8 03 07 01 00 00 00 00
0x00000000d6420fc0:   ff ff ff ff ff ff ff ff 20 00 00 00 40 00 00 00
0x00000000d6420fd0:   38 00 00 00 00 00 00 00 e0 36 00 80 f0 0f 42 d6
0x00000000d6420fe0:   a8 10 42 d6 40 10 42 d6 f8 36 00 80 00 00 00 00
0x00000000d6420ff0:   01 00 00 00 00 00 00 00 18 23 00 00 40 00 00 00
0x00000000d6421000:   00 00 00 00 00 00 00 00 00 00 00 00 00 00 00 00 


Stack slot to memory mapping:

stack at sp + 0 slots: 0x00000000d6357590 is an oop: java.lang.String 
{0x00000000d6357590} - klass: 'java/lang/String'
 - string: "cn_microsoft_rsa_root_certificate_authority_2017,o_microsoft_corporation,c_us [jdk]"
 - ---- fields (total size 3 words):
 - private 'hash' 'I' @12  251906385 (0x0f03c951)
 - private final 'coder' 'B' @16  0 (0x00)
 - private 'hashIsZero' 'Z' @17  false (0x00)
 - injected 'flags' 'B' @18  0 (0x00)
 - private final 'value' '[B' @20  [B{0x00000000d63577b0} (0xd63577b0)
stack at sp + 1 slots: 0x0000008d1e8fd850 is pointing into the stack for thread: 0x00000271db47bad0
stack at sp + 2 slots: 0x00000271d877f48c is pointing into metadata
stack at sp + 3 slots: 0x0000000000000009 is an unknown value
stack at sp + 4 slots: 0x00000271d877f690 is pointing into metadata
stack at sp + 5 slots: 0x0 is null
stack at sp + 6 slots: 0x00000000d5fef1b0 is an oop: java.lang.Class 
{0x00000000d5fef1b0} - klass: 'java/lang/Class'
 - ---- fields (total size 14 words):
 - private volatile transient 'classRedefinedCount' 'I' @12  0 (0x00000000)
 - injected 'klass' 'J' @16  2686842822600 (0x00000271944fdfc8)
 - injected 'array_klass' 'J' @24  0 (0x0000000000000000)
 - injected 'oop_size' 'I' @32  14 (0x0000000e)
 - injected 'static_oop_field_count' 'I' @36  0 (0x00000000)
 - private volatile transient 'cachedConstructor' 'Ljava/lang/reflect/Constructor;' @40  null (0x00000000)
 - private transient 'name' 'Ljava/lang/String;' @44  null (0x00000000)
 - private transient 'module' 'Ljava/lang/Module;' @48  a 'java/lang/Module'{0x000000008072abf8} (0x8072abf8)
 - private final 'classLoader' 'Ljava/lang/ClassLoader;' @52  null (0x00000000)
 - private transient 'classData' 'Ljava/lang/Object;' @56  null (0x00000000)
 - private transient 'packageName' 'Ljava/lang/String;' @60  null (0x00000000)
 - private final 'componentType' 'Ljava/lang/Class;' @64  null (0x00000000)
 - private volatile transient 'reflectionData' 'Ljava/lang/ref/SoftReference;' @68  null (0x00000000)
 - private volatile transient 'genericInfo' 'Lsun/reflect/generics/repository/ClassRepository;' @72  null (0x00000000)
 - private volatile transient 'enumConstants' '[Ljava/lang/Object;' @76  null (0x00000000)
 - private volatile transient 'enumConstantDirectory' 'Ljava/util/Map;' @80  null (0x00000000)
 - private volatile transient 'annotationData' 'Ljava/lang/Class$AnnotationData;' @84  null (0x00000000)
 - private volatile transient 'annotationType' 'Lsun/reflect/annotation/AnnotationType;' @88  null (0x00000000)
 - transient 'classValueMap' 'Ljava/lang/ClassValue$ClassValueMap;' @92  null (0x00000000)
 - injected 'protection_domain' 'Ljava/lang/Object;' @96  null (0x00000000)
 - injected 'signers_name' 'Ljava/lang/Object;' @100  null (0x00000000)
 - injected 'source_file' 'Ljava/lang/Object;' @104  null (0x00000000)
 - injected '<init_lock>' 'Ljava/lang/Object;' @108  null (0x00000000)
 - signature: Lsun/security/util/AnchorCertificates$1;
 - ---- static fields (0):
stack at sp + 7 slots: {method} {0x00000271d877f520} 'run' '()Ljava/lang/Void;' in 'sun/security/util/AnchorCertificates$1'


---------------  P R O C E S S  ---------------

Threads class SMR info:
_java_thread_list=0x00000271da491c10, length=53, elements={
0x00000271fb7c2220, 0x00000271fb76d660, 0x00000271fb76e370, 0x00000271fb8694f0,
0x00000271fb8611e0, 0x00000271fb861cd0, 0x00000271fb873ef0, 0x00000271d45ed350,
0x00000271fb87d6b0, 0x00000271d46aa6e0, 0x00000271d46aed90, 0x00000271d485cb60,
0x00000271d4871230, 0x00000271d485d1f0, 0x00000271d485aa90, 0x00000271d485c4d0,
0x00000271d485df10, 0x00000271d485be40, 0x00000271d485b120, 0x00000271d485b7b0,
0x00000271d485d880, 0x00000271db47b440, 0x00000271db478ce0, 0x00000271db477fc0,
0x00000271db47bad0, 0x00000271db479370, 0x00000271db479a00, 0x00000271daaddfe0,
0x00000271db478650, 0x00000271db47c160, 0x00000271db47c7f0, 0x00000271db47ce80,
0x00000271db47a720, 0x00000271db47d510, 0x00000271db47a090, 0x00000271db47dba0,
0x00000271db47e230, 0x00000271db47adb0, 0x00000271db47ef50, 0x00000271db47e8c0,
0x00000271db47f5e0, 0x00000271da762890, 0x00000271da762f20, 0x00000271da762200,
0x00000271da7635b0, 0x00000271da763c40, 0x00000271da7607c0, 0x00000271da7642d0,
0x00000271da760e50, 0x00000271da764960, 0x00000271d4864320, 0x00000271dc3cb5a0,
0x00000271dd9c1da0
}

Java Threads: ( => current thread )
  0x00000271fb7c2220 JavaThread "main"                              [_thread_blocked, id=24816, stack(0x0000008d1bf00000,0x0000008d1c000000) (1024K)]
  0x00000271fb76d660 JavaThread "Reference Handler"          daemon [_thread_blocked, id=22108, stack(0x0000008d1c300000,0x0000008d1c400000) (1024K)]
  0x00000271fb76e370 JavaThread "Finalizer"                  daemon [_thread_blocked, id=8044, stack(0x0000008d1c400000,0x0000008d1c500000) (1024K)]
  0x00000271fb8694f0 JavaThread "Signal Dispatcher"          daemon [_thread_blocked, id=24616, stack(0x0000008d1c500000,0x0000008d1c600000) (1024K)]
  0x00000271fb8611e0 JavaThread "Attach Listener"            daemon [_thread_blocked, id=11992, stack(0x0000008d1c600000,0x0000008d1c700000) (1024K)]
  0x00000271fb861cd0 JavaThread "Service Thread"             daemon [_thread_blocked, id=25016, stack(0x0000008d1c700000,0x0000008d1c800000) (1024K)]
  0x00000271fb873ef0 JavaThread "Monitor Deflation Thread"   daemon [_thread_blocked, id=17328, stack(0x0000008d1c800000,0x0000008d1c900000) (1024K)]
  0x00000271d45ed350 JavaThread "C2 CompilerThread0"         daemon [_thread_in_native, id=15132, stack(0x0000008d1c900000,0x0000008d1ca00000) (1024K)]
  0x00000271fb87d6b0 JavaThread "C1 CompilerThread0"         daemon [_thread_blocked, id=3236, stack(0x0000008d1ca00000,0x0000008d1cb00000) (1024K)]
  0x00000271d46aa6e0 JavaThread "C1 CompilerThread1"         daemon [_thread_blocked, id=1716, stack(0x0000008d1cb00000,0x0000008d1cc00000) (1024K)]
  0x00000271d46aed90 JavaThread "C1 CompilerThread2"         daemon [_thread_blocked, id=22336, stack(0x0000008d1cc00000,0x0000008d1cd00000) (1024K)]
  0x00000271d485cb60 JavaThread "Common-Cleaner"             daemon [_thread_blocked, id=12216, stack(0x0000008d1cf00000,0x0000008d1d000000) (1024K)]
  0x00000271d4871230 JavaThread "C1 CompilerThread3"         daemon [_thread_blocked, id=26176, stack(0x0000008d1d000000,0x0000008d1d100000) (1024K)]
  0x00000271d485d1f0 JavaThread "Notification Thread"        daemon [_thread_blocked, id=22976, stack(0x0000008d1d100000,0x0000008d1d200000) (1024K)]
  0x00000271d485aa90 JavaThread "Active Thread: Equinox Container: c14a66e5-062a-4baf-9bbe-ebc8250f79bf"        [_thread_blocked, id=17728, stack(0x0000008d1da00000,0x0000008d1db00000) (1024K)]
  0x00000271d485c4d0 JavaThread "Refresh Thread: Equinox Container: c14a66e5-062a-4baf-9bbe-ebc8250f79bf" daemon [_thread_blocked, id=24916, stack(0x0000008d1dc00000,0x0000008d1dd00000) (1024K)]
  0x00000271d485df10 JavaThread "Framework Event Dispatcher: Equinox Container: c14a66e5-062a-4baf-9bbe-ebc8250f79bf" daemon [_thread_blocked, id=15248, stack(0x0000008d1cd00000,0x0000008d1ce00000) (1024K)]
  0x00000271d485be40 JavaThread "Start Level: Equinox Container: c14a66e5-062a-4baf-9bbe-ebc8250f79bf" daemon [_thread_blocked, id=24732, stack(0x0000008d1ce00000,0x0000008d1cf00000) (1024K)]
  0x00000271d485b120 JavaThread "Bundle File Closer"         daemon [_thread_blocked, id=7152, stack(0x0000008d1e000000,0x0000008d1e100000) (1024K)]
  0x00000271d485b7b0 JavaThread "SCR Component Actor"        daemon [_thread_blocked, id=3496, stack(0x0000008d1d800000,0x0000008d1d900000) (1024K)]
  0x00000271d485d880 JavaThread "Worker-JM"                         [_thread_blocked, id=14256, stack(0x0000008d1e100000,0x0000008d1e200000) (1024K)]
  0x00000271db47b440 JavaThread "Worker-0: Updating Maven Dependencies"        [_thread_in_vm, id=7808, stack(0x0000008d1e300000,0x0000008d1e400000) (1024K)]
  0x00000271db478ce0 JavaThread "Worker-1: Repository registry initialization"        [_thread_blocked, id=3120, stack(0x0000008d1e400000,0x0000008d1e500000) (1024K)]
  0x00000271db477fc0 JavaThread "Worker-2: Initialize After Load"        [_thread_blocked, id=12000, stack(0x0000008d1e700000,0x0000008d1e800000) (1024K)]
=>0x00000271db47bad0 JavaThread "Worker-3: Loading available Gradle versions"        [_thread_in_Java, id=2740, stack(0x0000008d1e800000,0x0000008d1e900000) (1024K)]
  0x00000271db479370 JavaThread "Java indexing"              daemon [_thread_blocked, id=6836, stack(0x0000008d1e900000,0x0000008d1ea00000) (1024K)]
  0x00000271db479a00 JavaThread "JNA Cleaner"                daemon [_thread_blocked, id=26244, stack(0x0000008d1e500000,0x0000008d1e600000) (1024K)]
  0x00000271daaddfe0 JavaThread "C2 CompilerThread1"         daemon [_thread_blocked, id=9660, stack(0x0000008d1eb00000,0x0000008d1ec00000) (1024K)]
  0x00000271db478650 JavaThread "Worker-4"                          [_thread_blocked, id=23140, stack(0x0000008d1ed00000,0x0000008d1ee00000) (1024K)]
  0x00000271db47c160 JavaThread "Worker-5"                          [_thread_blocked, id=15400, stack(0x0000008d1ee00000,0x0000008d1ef00000) (1024K)]
  0x00000271db47c7f0 JavaThread "Thread-1"                   daemon [_thread_in_native, id=26508, stack(0x0000008d1ef00000,0x0000008d1f000000) (1024K)]
  0x00000271db47ce80 JavaThread "Thread-2"                   daemon [_thread_in_native, id=7140, stack(0x0000008d1f000000,0x0000008d1f100000) (1024K)]
  0x00000271db47a720 JavaThread "Thread-3"                   daemon [_thread_in_native, id=23984, stack(0x0000008d1f100000,0x0000008d1f200000) (1024K)]
  0x00000271db47d510 JavaThread "Thread-4"                   daemon [_thread_in_native, id=24232, stack(0x0000008d1f200000,0x0000008d1f300000) (1024K)]
  0x00000271db47a090 JavaThread "Thread-5"                   daemon [_thread_in_native, id=25696, stack(0x0000008d1f300000,0x0000008d1f400000) (1024K)]
  0x00000271db47dba0 JavaThread "Thread-6"                   daemon [_thread_in_native, id=12316, stack(0x0000008d1f400000,0x0000008d1f500000) (1024K)]
  0x00000271db47e230 JavaThread "Thread-7"                   daemon [_thread_in_native, id=10996, stack(0x0000008d1f500000,0x0000008d1f600000) (1024K)]
  0x00000271db47adb0 JavaThread "Thread-8"                   daemon [_thread_in_native, id=26152, stack(0x0000008d1f600000,0x0000008d1f700000) (1024K)]
  0x00000271db47ef50 JavaThread "Thread-9"                   daemon [_thread_in_native, id=17892, stack(0x0000008d1f700000,0x0000008d1f800000) (1024K)]
  0x00000271db47e8c0 JavaThread "Thread-10"                  daemon [_thread_in_native, id=19664, stack(0x0000008d1f800000,0x0000008d1f900000) (1024K)]
  0x00000271db47f5e0 JavaThread "Thread-11"                  daemon [_thread_in_native, id=12640, stack(0x0000008d1f900000,0x0000008d1fa00000) (1024K)]
  0x00000271da762890 JavaThread "Thread-12"                  daemon [_thread_in_native, id=8896, stack(0x0000008d1fa00000,0x0000008d1fb00000) (1024K)]
  0x00000271da762f20 JavaThread "Thread-13"                  daemon [_thread_in_native, id=26368, stack(0x0000008d1fb00000,0x0000008d1fc00000) (1024K)]
  0x00000271da762200 JavaThread "Thread-14"                  daemon [_thread_in_native, id=7940, stack(0x0000008d1fc00000,0x0000008d1fd00000) (1024K)]
  0x00000271da7635b0 JavaThread "Thread-15"                  daemon [_thread_in_native, id=23332, stack(0x0000008d1fd00000,0x0000008d1fe00000) (1024K)]
  0x00000271da763c40 JavaThread "Thread-16"                  daemon [_thread_in_native, id=12220, stack(0x0000008d1fe00000,0x0000008d1ff00000) (1024K)]
  0x00000271da7607c0 JavaThread "Thread-17"                  daemon [_thread_in_native, id=19392, stack(0x0000008d1ff00000,0x0000008d20000000) (1024K)]
  0x00000271da7642d0 JavaThread "pool-2-thread-1"                   [_thread_blocked, id=24640, stack(0x0000008d20000000,0x0000008d20100000) (1024K)]
  0x00000271da760e50 JavaThread "WorkspaceEventsHandler"            [_thread_blocked, id=9984, stack(0x0000008d1ec00000,0x0000008d1ed00000) (1024K)]
  0x00000271da764960 JavaThread "pool-1-thread-1"                   [_thread_blocked, id=25516, stack(0x0000008d20100000,0x0000008d20200000) (1024K)]
  0x00000271d4864320 JavaThread "C2 CompilerThread2"         daemon [_thread_blocked, id=23648, stack(0x0000008d20300000,0x0000008d20400000) (1024K)]
  0x00000271dc3cb5a0 JavaThread "C2 CompilerThread3"         daemon [_thread_blocked, id=25768, stack(0x0000008d20400000,0x0000008d20500000) (1024K)]
  0x00000271dd9c1da0 JavaThread "C2 CompilerThread4"         daemon [_thread_blocked, id=25576, stack(0x0000008d20500000,0x0000008d20600000) (1024K)]
Total: 53

Other Threads:
  0x00000271f946ec10 VMThread "VM Thread"                           [id=14352, stack(0x0000008d1c200000,0x0000008d1c300000) (1024K)]
  0x00000271fb64ca00 WatcherThread "VM Periodic Task Thread"        [id=1420, stack(0x0000008d1c100000,0x0000008d1c200000) (1024K)]
  0x00000271fb7e0490 WorkerThread "GC Thread#0"                     [id=24760, stack(0x0000008d1c000000,0x0000008d1c100000) (1024K)]
  0x00000271da9e0460 WorkerThread "GC Thread#1"                     [id=7136, stack(0x0000008d1d200000,0x0000008d1d300000) (1024K)]
  0x00000271da6b2f50 WorkerThread "GC Thread#2"                     [id=8184, stack(0x0000008d1d300000,0x0000008d1d400000) (1024K)]
  0x00000271da6b32f0 WorkerThread "GC Thread#3"                     [id=9908, stack(0x0000008d1d400000,0x0000008d1d500000) (1024K)]
  0x00000271da5fc4f0 WorkerThread "GC Thread#4"                     [id=26412, stack(0x0000008d1d500000,0x0000008d1d600000) (1024K)]
  0x00000271da5fc890 WorkerThread "GC Thread#5"                     [id=25076, stack(0x0000008d1d600000,0x0000008d1d700000) (1024K)]
  0x00000271da5fcc30 WorkerThread "GC Thread#6"                     [id=11740, stack(0x0000008d1d700000,0x0000008d1d800000) (1024K)]
  0x00000271da7cf510 WorkerThread "GC Thread#7"                     [id=15292, stack(0x0000008d1db00000,0x0000008d1dc00000) (1024K)]
  0x00000271dad69910 WorkerThread "GC Thread#8"                     [id=9740, stack(0x0000008d1dd00000,0x0000008d1de00000) (1024K)]
  0x00000271daa32ef0 WorkerThread "GC Thread#9"                     [id=1936, stack(0x0000008d1de00000,0x0000008d1df00000) (1024K)]
  0x00000271daa339d0 WorkerThread "GC Thread#10"                    [id=10436, stack(0x0000008d1df00000,0x0000008d1e000000) (1024K)]
  0x00000271daa33290 WorkerThread "GC Thread#11"                    [id=2400, stack(0x0000008d1d900000,0x0000008d1da00000) (1024K)]
  0x00000271daa33630 WorkerThread "GC Thread#12"                    [id=14620, stack(0x0000008d1e200000,0x0000008d1e300000) (1024K)]
Total: 15

Threads with active compile tasks:
C2 CompilerThread0  14078 6128       4       java.lang.String::hashCode (60 bytes)
Total: 1

VM state: not at safepoint (normal execution)

VM Mutex/Monitor currently owned by a thread: None

Heap address: 0x0000000080000000, size: 2048 MB, Compressed Oops mode: 32-bit

CDS archive(s) mapped at: [0x0000027193000000-0x0000027193ba0000-0x0000027193ba0000), size 12189696, SharedBaseAddress: 0x0000027193000000, ArchiveRelocationMode: 1.
Compressed class space mapped at: 0x0000027194000000-0x00000271d4000000, reserved size: 1073741824
Narrow klass base: 0x0000027193000000, Narrow klass shift: 0, Narrow klass range: 0x100000000

GC Precious Log:
 CardTable entry size: 512
 CPUs: 16 total, 16 available
 Memory: 24283M
 Large Page Support: Disabled
 NUMA Support: Disabled
 Compressed Oops: Enabled (32-bit)
 Alignments: Space 512K, Generation 512K, Heap 2M
 Heap Min Capacity: 100M
 Heap Initial Capacity: 100M
 Heap Max Capacity: 2G
 Pre-touch: Disabled
 Parallel Workers: 13

Heap:
 PSYoungGen      total 24064K, used 18960K [0x00000000d5580000, 0x00000000d7080000, 0x0000000100000000)
  eden space 22016K, 79% used [0x00000000d5580000,0x00000000d66814c8,0x00000000d6b00000)
  from space 2048K, 75% used [0x00000000d6e80000,0x00000000d7002b48,0x00000000d7080000)
  to   space 2048K, 0% used [0x00000000d6c80000,0x00000000d6c80000,0x00000000d6e80000)
 ParOldGen       total 68608K, used 22578K [0x0000000080000000, 0x0000000084300000, 0x00000000d5580000)
  object space 68608K, 32% used [0x0000000080000000,0x000000008160ca48,0x0000000084300000)
 Metaspace       used 45380K, committed 46400K, reserved 1114112K
  class space    used 4925K, committed 5376K, reserved 1048576K

Card table byte_map: [0x00000271fb160000,0x00000271fb570000] _byte_map_base: 0x00000271fad60000

Marking Bits: (ParMarkBitMap*) 0x00007ffa3b582460
 Begin Bits: [0x000002718f000000, 0x0000027191000000)
 End Bits:   [0x0000027191000000, 0x0000027193000000)

Polling page: 0x00000271f9620000

Metaspace:

Usage:
  Non-class:     39.51 MB used.
      Class:      4.81 MB used.
       Both:     44.32 MB used.

Virtual space:
  Non-class space:       64.00 MB reserved,      40.06 MB ( 63%) committed,  1 nodes.
      Class space:        1.00 GB reserved,       5.25 MB ( <1%) committed,  1 nodes.
             Both:        1.06 GB reserved,      45.31 MB (  4%) committed. 

Chunk freelists:
   Non-Class:  7.50 MB
       Class:  10.78 MB
        Both:  18.28 MB

MaxMetaspaceSize: unlimited
CompressedClassSpaceSize: 1.00 GB
Initial GC threshold: 21.00 MB
Current GC threshold: 58.38 MB
CDS: on
 - commit_granule_bytes: 65536.
 - commit_granule_words: 8192.
 - virtual_space_node_default_size: 8388608.
 - enlarge_chunks_in_place: 1.
 - use_allocation_guard: 0.


Internal statistics:

num_allocs_failed_limit: 8.
num_arena_births: 782.
num_arena_deaths: 36.
num_vsnodes_births: 2.
num_vsnodes_deaths: 0.
num_space_committed: 725.
num_space_uncommitted: 0.
num_chunks_returned_to_freelist: 50.
num_chunks_taken_from_freelist: 2628.
num_chunk_merges: 12.
num_chunk_splits: 1620.
num_chunks_enlarged: 925.
num_inconsistent_stats: 0.

CodeHeap 'non-profiled nmethods': size=119168Kb used=2941Kb max_used=2941Kb free=116226Kb
 bounds [0x0000027187ba0000, 0x0000027187e80000, 0x000002718f000000]
CodeHeap 'profiled nmethods': size=119104Kb used=11995Kb max_used=11995Kb free=107109Kb
 bounds [0x0000027180000000, 0x0000027180bc0000, 0x0000027187450000]
CodeHeap 'non-nmethods': size=7488Kb used=3080Kb max_used=3138Kb free=4407Kb
 bounds [0x0000027187450000, 0x0000027187770000, 0x0000027187ba0000]
CodeCache: size=245760Kb, used=18016Kb, max_used=18074Kb, free=227742Kb
 total_blobs=6261, nmethods=5572, adapters=592, full_count=0
Compilation: enabled, stopped_count=0, restarted_count=0

Compilation events (20 events):
Event: 13.865 Thread 0x00000271d4871230 nmethod 5987 0x0000027180b5ef10 code [0x0000027180b5f0c0, 0x0000027180b5f208]
Event: 13.865 Thread 0x00000271d46aed90 nmethod 5988 0x0000027180b5f310 code [0x0000027180b5f4c0, 0x0000027180b5f608]
Event: 13.866 Thread 0x00000271d4871230 5975       3       sun.security.util.DerValue::getBMPString (10 bytes)
Event: 13.866 Thread 0x00000271d46aed90 5976       3       sun.nio.cs.UTF_16BE::newDecoder (9 bytes)
Event: 13.868 Thread 0x00000271d4871230 nmethod 5975 0x0000027180b5f710 code [0x0000027180b5f8c0, 0x0000027180b5fa10]
Event: 13.868 Thread 0x00000271d46aed90 nmethod 5976 0x0000027180b5fa90 code [0x0000027180b5fc80, 0x0000027180b5ff20]
Event: 13.868 Thread 0x00000271d4871230 5977       3       sun.nio.cs.UTF_16BE$Decoder::<init> (7 bytes)
Event: 13.869 Thread 0x00000271d46aed90 5969       3       sun.security.provider.X509Factory::cachedGetX509Cert (39 bytes)
Event: 13.869 Thread 0x00000271d4871230 nmethod 5977 0x0000027180b60090 code [0x0000027180b60260, 0x0000027180b60428]
Event: 13.870 Thread 0x00000271fb87d6b0 5981       1       com.google.common.cache.LocalCache$1::get (2 bytes)
Event: 13.871 Thread 0x00000271d4871230 5993       3       java.util.IdentityHashMap::nextKeyIndex (15 bytes)
Event: 13.872 Thread 0x00000271fb87d6b0 nmethod 5981 0x0000027187e67390 code [0x0000027187e67520, 0x0000027187e675f0]
Event: 13.872 Thread 0x00000271d46aa6e0 5995       3       java.util.IdentityHashMap::hash (18 bytes)
Event: 13.873 Thread 0x00000271d46aed90 nmethod 5969 0x0000027180b60510 code [0x0000027180b60760, 0x0000027180b61118]
Event: 13.873 Thread 0x00000271fb87d6b0 5985       1       com.google.common.cache.LocalCache$StrongEntry::setValueReference (6 bytes)
Event: 13.873 Thread 0x00000271d4871230 nmethod 5993 0x0000027180b61490 code [0x0000027180b61620, 0x0000027180b61758]
Event: 13.874 Thread 0x00000271d46aa6e0 nmethod 5995 0x0000027180b61810 code [0x0000027180b619c0, 0x0000027180b61af8]
Event: 13.874 Thread 0x00000271dac4f720 nmethod 5972 0x0000027187e67690 code [0x0000027187e67840, 0x0000027187e679b0]
Event: 13.874 Thread 0x00000271fb87d6b0 nmethod 5985 0x0000027187e67b10 code [0x0000027187e67ca0, 0x0000027187e67d88]
Event: 13.874 Thread 0x00000271d46aa6e0 5996       3       com.google.common.base.Equivalence::equivalent (24 bytes)

GC Heap History (20 events):
Event: 7.199 GC heap before
{Heap before GC invocations=9 (full 1):
 PSYoungGen      total 29184K, used 24568K [0x00000000d5580000, 0x00000000d7780000, 0x0000000100000000)
  eden space 24576K, 99% used [0x00000000d5580000,0x00000000d6d7e3d0,0x00000000d6d80000)
  from space 4608K, 0% used [0x00000000d6e80000,0x00000000d6e80000,0x00000000d7300000)
  to   space 4608K, 0% used [0x00000000d7300000,0x00000000d7300000,0x00000000d7780000)
 ParOldGen       total 68608K, used 13095K [0x0000000080000000, 0x0000000084300000, 0x00000000d5580000)
  object space 68608K, 19% used [0x0000000080000000,0x0000000080cc9e50,0x0000000084300000)
 Metaspace       used 23255K, committed 24128K, reserved 1114112K
  class space    used 2310K, committed 2688K, reserved 1048576K
}
Event: 7.201 GC heap after
{Heap after GC invocations=9 (full 1):
 PSYoungGen      total 24576K, used 352K [0x00000000d5580000, 0x00000000d7380000, 0x0000000100000000)
  eden space 24064K, 0% used [0x00000000d5580000,0x00000000d5580000,0x00000000d6d00000)
  from space 512K, 68% used [0x00000000d7300000,0x00000000d7358160,0x00000000d7380000)
  to   space 2048K, 0% used [0x00000000d6f80000,0x00000000d6f80000,0x00000000d7180000)
 ParOldGen       total 68608K, used 13103K [0x0000000080000000, 0x0000000084300000, 0x00000000d5580000)
  object space 68608K, 19% used [0x0000000080000000,0x0000000080ccbe50,0x0000000084300000)
 Metaspace       used 23255K, committed 24128K, reserved 1114112K
  class space    used 2310K, committed 2688K, reserved 1048576K
}
Event: 7.667 GC heap before
{Heap before GC invocations=10 (full 1):
 PSYoungGen      total 24576K, used 24416K [0x00000000d5580000, 0x00000000d7380000, 0x0000000100000000)
  eden space 24064K, 100% used [0x00000000d5580000,0x00000000d6d00000,0x00000000d6d00000)
  from space 512K, 68% used [0x00000000d7300000,0x00000000d7358160,0x00000000d7380000)
  to   space 2048K, 0% used [0x00000000d6f80000,0x00000000d6f80000,0x00000000d7180000)
 ParOldGen       total 68608K, used 15058K [0x0000000080000000, 0x0000000084300000, 0x00000000d5580000)
  object space 68608K, 21% used [0x0000000080000000,0x0000000080eb4820,0x0000000084300000)
 Metaspace       used 25740K, committed 26688K, reserved 1114112K
  class space    used 2507K, committed 2880K, reserved 1048576K
}
Event: 7.675 GC heap after
{Heap after GC invocations=10 (full 1):
 PSYoungGen      total 26112K, used 1663K [0x00000000d5580000, 0x00000000d7380000, 0x0000000100000000)
  eden space 24064K, 0% used [0x00000000d5580000,0x00000000d5580000,0x00000000d6d00000)
  from space 2048K, 81% used [0x00000000d6f80000,0x00000000d711fc30,0x00000000d7180000)
  to   space 2048K, 0% used [0x00000000d7180000,0x00000000d7180000,0x00000000d7380000)
 ParOldGen       total 68608K, used 15847K [0x0000000080000000, 0x0000000084300000, 0x00000000d5580000)
  object space 68608K, 23% used [0x0000000080000000,0x0000000080f79d30,0x0000000084300000)
 Metaspace       used 25740K, committed 26688K, reserved 1114112K
  class space    used 2507K, committed 2880K, reserved 1048576K
}
Event: 8.750 GC heap before
{Heap before GC invocations=11 (full 1):
 PSYoungGen      total 26112K, used 25727K [0x00000000d5580000, 0x00000000d7380000, 0x0000000100000000)
  eden space 24064K, 100% used [0x00000000d5580000,0x00000000d6d00000,0x00000000d6d00000)
  from space 2048K, 81% used [0x00000000d6f80000,0x00000000d711fc30,0x00000000d7180000)
  to   space 2048K, 0% used [0x00000000d7180000,0x00000000d7180000,0x00000000d7380000)
 ParOldGen       total 68608K, used 15872K [0x0000000080000000, 0x0000000084300000, 0x00000000d5580000)
  object space 68608K, 23% used [0x0000000080000000,0x0000000080f80128,0x0000000084300000)
 Metaspace       used 28007K, committed 28928K, reserved 1114112K
  class space    used 2811K, committed 3200K, reserved 1048576K
}
Event: 8.758 GC heap after
{Heap after GC invocations=11 (full 1):
 PSYoungGen      total 25088K, used 1508K [0x00000000d5580000, 0x00000000d7300000, 0x0000000100000000)
  eden space 23552K, 0% used [0x00000000d5580000,0x00000000d5580000,0x00000000d6c80000)
  from space 1536K, 98% used [0x00000000d7180000,0x00000000d72f92d0,0x00000000d7300000)
  to   space 2048K, 0% used [0x00000000d6f00000,0x00000000d6f00000,0x00000000d7100000)
 ParOldGen       total 68608K, used 16833K [0x0000000080000000, 0x0000000084300000, 0x00000000d5580000)
  object space 68608K, 24% used [0x0000000080000000,0x0000000081070720,0x0000000084300000)
 Metaspace       used 28007K, committed 28928K, reserved 1114112K
  class space    used 2811K, committed 3200K, reserved 1048576K
}
Event: 9.886 GC heap before
{Heap before GC invocations=12 (full 1):
 PSYoungGen      total 25088K, used 25060K [0x00000000d5580000, 0x00000000d7300000, 0x0000000100000000)
  eden space 23552K, 100% used [0x00000000d5580000,0x00000000d6c80000,0x00000000d6c80000)
  from space 1536K, 98% used [0x00000000d7180000,0x00000000d72f92d0,0x00000000d7300000)
  to   space 2048K, 0% used [0x00000000d6f00000,0x00000000d6f00000,0x00000000d7100000)
 ParOldGen       total 68608K, used 16833K [0x0000000080000000, 0x0000000084300000, 0x00000000d5580000)
  object space 68608K, 24% used [0x0000000080000000,0x0000000081070720,0x0000000084300000)
 Metaspace       used 30741K, committed 31680K, reserved 1114112K
  class space    used 3109K, committed 3520K, reserved 1048576K
}
Event: 9.895 GC heap after
{Heap after GC invocations=12 (full 1):
 PSYoungGen      total 24576K, used 1261K [0x00000000d5580000, 0x00000000d7200000, 0x0000000100000000)
  eden space 23040K, 0% used [0x00000000d5580000,0x00000000d5580000,0x00000000d6c00000)
  from space 1536K, 82% used [0x00000000d6f00000,0x00000000d703b460,0x00000000d7080000)
  to   space 1536K, 0% used [0x00000000d7080000,0x00000000d7080000,0x00000000d7200000)
 ParOldGen       total 68608K, used 18025K [0x0000000080000000, 0x0000000084300000, 0x00000000d5580000)
  object space 68608K, 26% used [0x0000000080000000,0x000000008119a7b8,0x0000000084300000)
 Metaspace       used 30741K, committed 31680K, reserved 1114112K
  class space    used 3109K, committed 3520K, reserved 1048576K
}
Event: 10.580 GC heap before
{Heap before GC invocations=13 (full 1):
 PSYoungGen      total 24576K, used 24301K [0x00000000d5580000, 0x00000000d7200000, 0x0000000100000000)
  eden space 23040K, 100% used [0x00000000d5580000,0x00000000d6c00000,0x00000000d6c00000)
  from space 1536K, 82% used [0x00000000d6f00000,0x00000000d703b460,0x00000000d7080000)
  to   space 1536K, 0% used [0x00000000d7080000,0x00000000d7080000,0x00000000d7200000)
 ParOldGen       total 68608K, used 18025K [0x0000000080000000, 0x0000000084300000, 0x00000000d5580000)
  object space 68608K, 26% used [0x0000000080000000,0x000000008119a7b8,0x0000000084300000)
 Metaspace       used 33192K, committed 34176K, reserved 1114112K
  class space    used 3408K, committed 3776K, reserved 1048576K
}
Event: 10.584 GC heap after
{Heap after GC invocations=13 (full 1):
 PSYoungGen      total 24064K, used 1056K [0x00000000d5580000, 0x00000000d7200000, 0x0000000100000000)
  eden space 22528K, 0% used [0x00000000d5580000,0x00000000d5580000,0x00000000d6b80000)
  from space 1536K, 68% used [0x00000000d7080000,0x00000000d7188000,0x00000000d7200000)
  to   space 1536K, 0% used [0x00000000d6f00000,0x00000000d6f00000,0x00000000d7080000)
 ParOldGen       total 68608K, used 19073K [0x0000000080000000, 0x0000000084300000, 0x00000000d5580000)
  object space 68608K, 27% used [0x0000000080000000,0x00000000812a06b8,0x0000000084300000)
 Metaspace       used 33192K, committed 34176K, reserved 1114112K
  class space    used 3408K, committed 3776K, reserved 1048576K
}
Event: 11.039 GC heap before
{Heap before GC invocations=14 (full 1):
 PSYoungGen      total 24064K, used 16494K [0x00000000d5580000, 0x00000000d7200000, 0x0000000100000000)
  eden space 22528K, 68% used [0x00000000d5580000,0x00000000d6493a98,0x00000000d6b80000)
  from space 1536K, 68% used [0x00000000d7080000,0x00000000d7188000,0x00000000d7200000)
  to   space 1536K, 0% used [0x00000000d6f00000,0x00000000d6f00000,0x00000000d7080000)
 ParOldGen       total 68608K, used 19073K [0x0000000080000000, 0x0000000084300000, 0x00000000d5580000)
  object space 68608K, 27% used [0x0000000080000000,0x00000000812a06b8,0x0000000084300000)
 Metaspace       used 34885K, committed 35840K, reserved 1114112K
  class space    used 3623K, committed 4032K, reserved 1048576K
}
Event: 11.043 GC heap after
{Heap after GC invocations=14 (full 1):
 PSYoungGen      total 24064K, used 1389K [0x00000000d5580000, 0x00000000d7100000, 0x0000000100000000)
  eden space 22528K, 0% used [0x00000000d5580000,0x00000000d5580000,0x00000000d6b80000)
  from space 1536K, 90% used [0x00000000d6f00000,0x00000000d705b598,0x00000000d7080000)
  to   space 512K, 0% used [0x00000000d7080000,0x00000000d7080000,0x00000000d7100000)
 ParOldGen       total 68608K, used 19763K [0x0000000080000000, 0x0000000084300000, 0x00000000d5580000)
  object space 68608K, 28% used [0x0000000080000000,0x000000008134ce60,0x0000000084300000)
 Metaspace       used 34885K, committed 35840K, reserved 1114112K
  class space    used 3623K, committed 4032K, reserved 1048576K
}
Event: 11.043 GC heap before
{Heap before GC invocations=15 (full 2):
 PSYoungGen      total 24064K, used 1389K [0x00000000d5580000, 0x00000000d7100000, 0x0000000100000000)
  eden space 22528K, 0% used [0x00000000d5580000,0x00000000d5580000,0x00000000d6b80000)
  from space 1536K, 90% used [0x00000000d6f00000,0x00000000d705b598,0x00000000d7080000)
  to   space 512K, 0% used [0x00000000d7080000,0x00000000d7080000,0x00000000d7100000)
 ParOldGen       total 68608K, used 19763K [0x0000000080000000, 0x0000000084300000, 0x00000000d5580000)
  object space 68608K, 28% used [0x0000000080000000,0x000000008134ce60,0x0000000084300000)
 Metaspace       used 34885K, committed 35840K, reserved 1114112K
  class space    used 3623K, committed 4032K, reserved 1048576K
}
Event: 11.119 GC heap after
{Heap after GC invocations=15 (full 2):
 PSYoungGen      total 24064K, used 0K [0x00000000d5580000, 0x00000000d7100000, 0x0000000100000000)
  eden space 22528K, 0% used [0x00000000d5580000,0x00000000d5580000,0x00000000d6b80000)
  from space 1536K, 0% used [0x00000000d6f00000,0x00000000d6f00000,0x00000000d7080000)
  to   space 512K, 0% used [0x00000000d7080000,0x00000000d7080000,0x00000000d7100000)
 ParOldGen       total 68608K, used 18196K [0x0000000080000000, 0x0000000084300000, 0x00000000d5580000)
  object space 68608K, 26% used [0x0000000080000000,0x00000000811c5060,0x0000000084300000)
 Metaspace       used 34865K, committed 35840K, reserved 1114112K
  class space    used 3617K, committed 4032K, reserved 1048576K
}
Event: 11.890 GC heap before
{Heap before GC invocations=16 (full 2):
 PSYoungGen      total 24064K, used 22528K [0x00000000d5580000, 0x00000000d7100000, 0x0000000100000000)
  eden space 22528K, 100% used [0x00000000d5580000,0x00000000d6b80000,0x00000000d6b80000)
  from space 1536K, 0% used [0x00000000d6f00000,0x00000000d6f00000,0x00000000d7080000)
  to   space 512K, 0% used [0x00000000d7080000,0x00000000d7080000,0x00000000d7100000)
 ParOldGen       total 68608K, used 18196K [0x0000000080000000, 0x0000000084300000, 0x00000000d5580000)
  object space 68608K, 26% used [0x0000000080000000,0x00000000811c5060,0x0000000084300000)
 Metaspace       used 37508K, committed 38592K, reserved 1114112K
  class space    used 3937K, committed 4416K, reserved 1048576K
}
Event: 11.895 GC heap after
{Heap after GC invocations=16 (full 2):
 PSYoungGen      total 22528K, used 512K [0x00000000d5580000, 0x00000000d7200000, 0x0000000100000000)
  eden space 22016K, 0% used [0x00000000d5580000,0x00000000d5580000,0x00000000d6b00000)
  from space 512K, 100% used [0x00000000d7080000,0x00000000d7100000,0x00000000d7100000)
  to   space 3584K, 0% used [0x00000000d6b00000,0x00000000d6b00000,0x00000000d6e80000)
 ParOldGen       total 68608K, used 20874K [0x0000000080000000, 0x0000000084300000, 0x00000000d5580000)
  object space 68608K, 30% used [0x0000000080000000,0x0000000081462a48,0x0000000084300000)
 Metaspace       used 37508K, committed 38592K, reserved 1114112K
  class space    used 3937K, committed 4416K, reserved 1048576K
}
Event: 12.308 GC heap before
{Heap before GC invocations=17 (full 2):
 PSYoungGen      total 22528K, used 22528K [0x00000000d5580000, 0x00000000d7200000, 0x0000000100000000)
  eden space 22016K, 100% used [0x00000000d5580000,0x00000000d6b00000,0x00000000d6b00000)
  from space 512K, 100% used [0x00000000d7080000,0x00000000d7100000,0x00000000d7100000)
  to   space 3584K, 0% used [0x00000000d6b00000,0x00000000d6b00000,0x00000000d6e80000)
 ParOldGen       total 68608K, used 20874K [0x0000000080000000, 0x0000000084300000, 0x00000000d5580000)
  object space 68608K, 30% used [0x0000000080000000,0x0000000081462a48,0x0000000084300000)
 Metaspace       used 40503K, committed 41664K, reserved 1114112K
  class space    used 4297K, committed 4800K, reserved 1048576K
}
Event: 12.314 GC heap after
{Heap after GC invocations=17 (full 2):
 PSYoungGen      total 25600K, used 1472K [0x00000000d5580000, 0x00000000d7100000, 0x0000000100000000)
  eden space 22016K, 0% used [0x00000000d5580000,0x00000000d5580000,0x00000000d6b00000)
  from space 3584K, 41% used [0x00000000d6b00000,0x00000000d6c70000,0x00000000d6e80000)
  to   space 2560K, 0% used [0x00000000d6e80000,0x00000000d6e80000,0x00000000d7100000)
 ParOldGen       total 68608K, used 21354K [0x0000000080000000, 0x0000000084300000, 0x00000000d5580000)
  object space 68608K, 31% used [0x0000000080000000,0x00000000814daa48,0x0000000084300000)
 Metaspace       used 40503K, committed 41664K, reserved 1114112K
  class space    used 4297K, committed 4800K, reserved 1048576K
}
Event: 13.002 GC heap before
{Heap before GC invocations=18 (full 2):
 PSYoungGen      total 25600K, used 23488K [0x00000000d5580000, 0x00000000d7100000, 0x0000000100000000)
  eden space 22016K, 100% used [0x00000000d5580000,0x00000000d6b00000,0x00000000d6b00000)
  from space 3584K, 41% used [0x00000000d6b00000,0x00000000d6c70000,0x00000000d6e80000)
  to   space 2560K, 0% used [0x00000000d6e80000,0x00000000d6e80000,0x00000000d7100000)
 ParOldGen       total 68608K, used 21354K [0x0000000080000000, 0x0000000084300000, 0x00000000d5580000)
  object space 68608K, 31% used [0x0000000080000000,0x00000000814daa48,0x0000000084300000)
 Metaspace       used 43603K, committed 44672K, reserved 1114112K
  class space    used 4718K, committed 5184K, reserved 1048576K
}
Event: 13.009 GC heap after
{Heap after GC invocations=18 (full 2):
 PSYoungGen      total 24064K, used 1546K [0x00000000d5580000, 0x00000000d7080000, 0x0000000100000000)
  eden space 22016K, 0% used [0x00000000d5580000,0x00000000d5580000,0x00000000d6b00000)
  from space 2048K, 75% used [0x00000000d6e80000,0x00000000d7002b48,0x00000000d7080000)
  to   space 2048K, 0% used [0x00000000d6c80000,0x00000000d6c80000,0x00000000d6e80000)
 ParOldGen       total 68608K, used 22578K [0x0000000080000000, 0x0000000084300000, 0x00000000d5580000)
  object space 68608K, 32% used [0x0000000080000000,0x000000008160ca48,0x0000000084300000)
 Metaspace       used 43603K, committed 44672K, reserved 1114112K
  class space    used 4718K, committed 5184K, reserved 1048576K
}

Dll operation events (14 events):
Event: 0.008 Loaded shared library c:\Users\NIKHIL REDDY\.antigravity\extensions\redhat.java-1.52.0-win32-x64\jre\21.0.9-win32-x86_64\bin\java.dll
Event: 0.053 Loaded shared library c:\Users\NIKHIL REDDY\.antigravity\extensions\redhat.java-1.52.0-win32-x64\jre\21.0.9-win32-x86_64\bin\zip.dll
Event: 0.068 Loaded shared library C:\Users\NIKHIL REDDY\.antigravity\extensions\redhat.java-1.52.0-win32-x64\jre\21.0.9-win32-x86_64\bin\instrument.dll
Event: 0.072 Loaded shared library C:\Users\NIKHIL REDDY\.antigravity\extensions\redhat.java-1.52.0-win32-x64\jre\21.0.9-win32-x86_64\bin\net.dll
Event: 0.073 Loaded shared library C:\Users\NIKHIL REDDY\.antigravity\extensions\redhat.java-1.52.0-win32-x64\jre\21.0.9-win32-x86_64\bin\nio.dll
Event: 0.075 Loaded shared library C:\Users\NIKHIL REDDY\.antigravity\extensions\redhat.java-1.52.0-win32-x64\jre\21.0.9-win32-x86_64\bin\zip.dll
Event: 0.088 Loaded shared library C:\Users\NIKHIL REDDY\.antigravity\extensions\redhat.java-1.52.0-win32-x64\jre\21.0.9-win32-x86_64\bin\jimage.dll
Event: 0.138 Loaded shared library c:\Users\NIKHIL REDDY\.antigravity\extensions\redhat.java-1.52.0-win32-x64\jre\21.0.9-win32-x86_64\bin\verify.dll
Event: 1.078 Loaded shared library C:\Users\NIKHIL REDDY\AppData\Roaming\Antigravity\User\globalStorage\redhat.java\1.52.0\config_win\org.eclipse.equinox.launcher\org.eclipse.equinox.launcher.win32.win32.x86_64_1.2.1500.v20260121-1430\eclipse_11919.dll
Event: 4.708 Loaded shared library C:\Users\NIKHIL REDDY\.antigravity\extensions\redhat.java-1.52.0-win32-x64\jre\21.0.9-win32-x86_64\bin\management.dll
Event: 4.713 Loaded shared library C:\Users\NIKHIL REDDY\.antigravity\extensions\redhat.java-1.52.0-win32-x64\jre\21.0.9-win32-x86_64\bin\management_ext.dll
Event: 10.448 Loaded shared library C:\Users\NIKHIL REDDY\AppData\Local\Temp\jna--1595335711\jna10863803568699871604.dll
Event: 10.930 Loaded shared library C:\Users\NIKHIL REDDY\.antigravity\extensions\redhat.java-1.52.0-win32-x64\jre\21.0.9-win32-x86_64\bin\sunmscapi.dll
Event: 12.445 Loaded shared library C:\Users\NIKHIL REDDY\.antigravity\extensions\redhat.java-1.52.0-win32-x64\jre\21.0.9-win32-x86_64\bin\extnet.dll

Deoptimization events (20 events):
Event: 13.700 Thread 0x00000271db47bad0 Uncommon trap: trap_request=0xffffff66 fr.pc=0x0000027187bfeb30 relative=0x00000000000002d0
Event: 13.700 Thread 0x00000271db47bad0 Uncommon trap: reason=speculate_class_check action=maybe_recompile pc=0x0000027187bfeb30 method=sun.security.util.math.intpoly.IntegerPolynomial.multByInt([JJ)V @ 26 c2
Event: 13.700 Thread 0x00000271db47bad0 DEOPT PACKING pc=0x0000027187bfeb30 sp=0x0000008d1e8fd950
Event: 13.700 Thread 0x00000271db47bad0 DEOPT UNPACKING pc=0x00000271874a3aa2 sp=0x0000008d1e8fd890 mode 2
Event: 13.700 Thread 0x00000271db47bad0 Uncommon trap: trap_request=0xffffffc6 fr.pc=0x0000027187c10238 relative=0x00000000000002f8
Event: 13.700 Thread 0x00000271db47bad0 Uncommon trap: reason=bimorphic_or_optimized_type_check action=maybe_recompile pc=0x0000027187c10238 method=sun.security.util.math.intpoly.IntegerPolynomial.multByInt([JJ)V @ 26 c2
Event: 13.700 Thread 0x00000271db47bad0 DEOPT PACKING pc=0x0000027187c10238 sp=0x0000008d1e8fd8c0
Event: 13.700 Thread 0x00000271db47bad0 DEOPT UNPACKING pc=0x00000271874a3aa2 sp=0x0000008d1e8fd890 mode 2
Event: 13.700 Thread 0x00000271db47bad0 Uncommon trap: trap_request=0xffffffc6 fr.pc=0x0000027187c10238 relative=0x00000000000002f8
Event: 13.700 Thread 0x00000271db47bad0 Uncommon trap: reason=bimorphic_or_optimized_type_check action=maybe_recompile pc=0x0000027187c10238 method=sun.security.util.math.intpoly.IntegerPolynomial.multByInt([JJ)V @ 26 c2
Event: 13.700 Thread 0x00000271db47bad0 DEOPT PACKING pc=0x0000027187c10238 sp=0x0000008d1e8fd8c0
Event: 13.700 Thread 0x00000271db47bad0 DEOPT UNPACKING pc=0x00000271874a3aa2 sp=0x0000008d1e8fd890 mode 2
Event: 13.700 Thread 0x00000271db47bad0 Uncommon trap: trap_request=0xffffffc6 fr.pc=0x0000027187c10238 relative=0x00000000000002f8
Event: 13.700 Thread 0x00000271db47bad0 Uncommon trap: reason=bimorphic_or_optimized_type_check action=maybe_recompile pc=0x0000027187c10238 method=sun.security.util.math.intpoly.IntegerPolynomial.multByInt([JJ)V @ 26 c2
Event: 13.700 Thread 0x00000271db47bad0 DEOPT PACKING pc=0x0000027187c10238 sp=0x0000008d1e8fd8c0
Event: 13.700 Thread 0x00000271db47bad0 DEOPT UNPACKING pc=0x00000271874a3aa2 sp=0x0000008d1e8fd890 mode 2
Event: 13.700 Thread 0x00000271db47bad0 Uncommon trap: trap_request=0xffffffc6 fr.pc=0x0000027187c10238 relative=0x00000000000002f8
Event: 13.700 Thread 0x00000271db47bad0 Uncommon trap: reason=bimorphic_or_optimized_type_check action=maybe_recompile pc=0x0000027187c10238 method=sun.security.util.math.intpoly.IntegerPolynomial.multByInt([JJ)V @ 26 c2
Event: 13.700 Thread 0x00000271db47bad0 DEOPT PACKING pc=0x0000027187c10238 sp=0x0000008d1e8fd8c0
Event: 13.700 Thread 0x00000271db47bad0 DEOPT UNPACKING pc=0x00000271874a3aa2 sp=0x0000008d1e8fd890 mode 2

Classes loaded (20 events):
Event: 13.802 Loading class sun/security/validator/CADistrustPolicy$2
Event: 13.802 Loading class sun/security/validator/CADistrustPolicy$2 done
Event: 13.802 Loading class sun/security/validator/CADistrustPolicy$3
Event: 13.802 Loading class sun/security/validator/CADistrustPolicy$3 done
Event: 13.802 Loading class sun/security/validator/CADistrustPolicy$4
Event: 13.802 Loading class sun/security/validator/CADistrustPolicy$4 done
Event: 13.803 Loading class java/util/RegularEnumSet$EnumSetIterator
Event: 13.803 Loading class java/util/RegularEnumSet$EnumSetIterator done
Event: 13.803 Loading class sun/security/validator/SymantecTLSPolicy
Event: 13.804 Loading class sun/security/validator/SymantecTLSPolicy done
Event: 13.804 Loading class sun/security/validator/EntrustTLSPolicy
Event: 13.804 Loading class sun/security/validator/EntrustTLSPolicy done
Event: 13.808 Loading class sun/security/validator/CamerfirmaTLSPolicy
Event: 13.809 Loading class sun/security/validator/CamerfirmaTLSPolicy done
Event: 13.809 Loading class sun/security/util/AnchorCertificates
Event: 13.809 Loading class sun/security/util/AnchorCertificates done
Event: 13.809 Loading class sun/security/util/AnchorCertificates$1
Event: 13.809 Loading class sun/security/util/AnchorCertificates$1 done
Event: 13.810 Loading class sun/security/provider/JavaKeyStore$DualFormatJKS
Event: 13.810 Loading class sun/security/provider/JavaKeyStore$DualFormatJKS done

Classes unloaded (18 events):
Event: 6.761 Thread 0x00000271f946ec10 Unloading class 0x00000271941ad400 'java/lang/invoke/LambdaForm$MH+0x00000271941ad400'
Event: 6.761 Thread 0x00000271f946ec10 Unloading class 0x00000271941ad000 'java/lang/invoke/LambdaForm$MH+0x00000271941ad000'
Event: 6.761 Thread 0x00000271f946ec10 Unloading class 0x00000271941acc00 'java/lang/invoke/LambdaForm$MH+0x00000271941acc00'
Event: 6.761 Thread 0x00000271f946ec10 Unloading class 0x00000271941ac800 'java/lang/invoke/LambdaForm$MH+0x00000271941ac800'
Event: 6.761 Thread 0x00000271f946ec10 Unloading class 0x00000271941ac400 'java/lang/invoke/LambdaForm$BMH+0x00000271941ac400'
Event: 6.761 Thread 0x00000271f946ec10 Unloading class 0x00000271941ac000 'java/lang/invoke/LambdaForm$DMH+0x00000271941ac000'
Event: 6.761 Thread 0x00000271f946ec10 Unloading class 0x00000271941aac00 'java/lang/invoke/LambdaForm$DMH+0x00000271941aac00'
Event: 11.058 Thread 0x00000271f946ec10 Unloading class 0x00000271942e7c00 'java/lang/invoke/LambdaForm$MH+0x00000271942e7c00'
Event: 11.058 Thread 0x00000271f946ec10 Unloading class 0x00000271942e7000 'java/lang/invoke/LambdaForm$MH+0x00000271942e7000'
Event: 11.058 Thread 0x00000271f946ec10 Unloading class 0x00000271942e2800 'java/lang/invoke/LambdaForm$MH+0x00000271942e2800'
Event: 11.058 Thread 0x00000271f946ec10 Unloading class 0x00000271942e2000 'java/lang/invoke/LambdaForm$MH+0x00000271942e2000'
Event: 11.058 Thread 0x00000271f946ec10 Unloading class 0x00000271942e1c00 'java/lang/invoke/LambdaForm$MH+0x00000271942e1c00'
Event: 11.058 Thread 0x00000271f946ec10 Unloading class 0x00000271942e1000 'java/lang/invoke/LambdaForm$MH+0x00000271942e1000'
Event: 11.058 Thread 0x00000271f946ec10 Unloading class 0x00000271942e0800 'java/lang/invoke/LambdaForm$MH+0x00000271942e0800'
Event: 11.058 Thread 0x00000271f946ec10 Unloading class 0x00000271942e0000 'java/lang/invoke/LambdaForm$MH+0x00000271942e0000'
Event: 11.058 Thread 0x00000271f946ec10 Unloading class 0x00000271942ddc00 'java/lang/invoke/LambdaForm$MH+0x00000271942ddc00'
Event: 11.058 Thread 0x00000271f946ec10 Unloading class 0x00000271942dd400 'java/lang/invoke/LambdaForm$MH+0x00000271942dd400'
Event: 11.058 Thread 0x00000271f946ec10 Unloading class 0x00000271942dcc00 'java/lang/invoke/LambdaForm$DMH+0x00000271942dcc00'

Classes redefined (0 events):
No events

Internal exceptions (20 events):
Event: 10.644 Thread 0x00000271d485be40 Exception <a 'java/lang/NoSuchMethodError'{0x00000000d57ef2c0}: 'void java.lang.invoke.DirectMethodHandle$Holder.invokeSpecial(java.lang.Object, java.lang.Object, java.lang.Object, int)'> (0x00000000d57ef2c0) 
thrown [s\src\hotspot\share\interpreter\linkResolver.cpp, line 773]
Event: 10.658 Thread 0x00000271d485be40 Exception <a 'java/lang/NoSuchMethodError'{0x00000000d57f2990}: 'void java.lang.invoke.DelegatingMethodHandle$Holder.reinvoke_L(java.lang.Object, java.lang.Object, int)'> (0x00000000d57f2990) 
thrown [s\src\hotspot\share\interpreter\linkResolver.cpp, line 773]
Event: 10.659 Thread 0x00000271d485be40 Exception <a 'java/lang/NoSuchMethodError'{0x00000000d57f9328}: 'int java.lang.invoke.Invokers$Holder.invokeExact_MT(java.lang.Object, java.lang.Object, java.lang.Object)'> (0x00000000d57f9328) 
thrown [s\src\hotspot\share\interpreter\linkResolver.cpp, line 773]
Event: 10.669 Thread 0x00000271d485be40 Exception <a 'java/lang/UnsatisfiedLinkError'{0x00000000d58ab4e0}: The specified procedure could not be found.
> (0x00000000d58ab4e0) 
thrown [s\src\hotspot\share\prims\jni.cpp, line 539]
Event: 10.683 Thread 0x00000271d485be40 Exception <a 'java/lang/NoSuchMethodError'{0x00000000d58b82d8}: 'void java.lang.invoke.Invokers$Holder.invokeExact_MT(java.lang.Object, java.lang.Object, int, java.lang.Object)'> (0x00000000d58b82d8) 
thrown [s\src\hotspot\share\interpreter\linkResolver.cpp, line 773]
Event: 10.961 Thread 0x00000271fb7c2220 Exception <a 'java/io/FileNotFoundException'{0x00000000d6229308}> (0x00000000d6229308) 
thrown [s\src\hotspot\share\prims\jni.cpp, line 520]
Event: 11.185 Thread 0x00000271db47bad0 Exception <a 'sun/nio/fs/WindowsException'{0x00000000d57a0550}> (0x00000000d57a0550) 
thrown [s\src\hotspot\share\prims\jni.cpp, line 520]
Event: 11.253 Thread 0x00000271fb7c2220 Exception <a 'java/lang/NoSuchMethodError'{0x00000000d58c26d0}: 'java.lang.Object java.lang.invoke.DirectMethodHandle$Holder.invokeStatic(java.lang.Object, long, java.lang.Object)'> (0x00000000d58c26d0) 
thrown [s\src\hotspot\share\interpreter\linkResolver.cpp, line 773]
Event: 11.259 Thread 0x00000271fb7c2220 Exception <a 'java/lang/NoSuchMethodError'{0x00000000d58c5d38}: 'java.lang.Object java.lang.invoke.DirectMethodHandle$Holder.invokeStaticInit(java.lang.Object, long, java.lang.Object)'> (0x00000000d58c5d38) 
thrown [s\src\hotspot\share\interpreter\linkResolver.cpp, line 773]
Event: 11.262 Thread 0x00000271fb7c2220 Exception <a 'java/lang/NoSuchMethodError'{0x00000000d58e6050}: 'java.lang.Object java.lang.invoke.DirectMethodHandle$Holder.newInvokeSpecial(java.lang.Object, long)'> (0x00000000d58e6050) 
thrown [s\src\hotspot\share\interpreter\linkResolver.cpp, line 773]
Event: 12.354 Thread 0x00000271fb7c2220 Exception <a 'java/lang/NoSuchMethodError'{0x00000000d584daa0}: 'void java.lang.invoke.DirectMethodHandle$Holder.invokeSpecial(java.lang.Object, java.lang.Object, java.lang.Object, java.lang.Object, java.lang.Object, java.lang.Object)'> (0x00000000d584daa0) 
thrown [s\src\hotspot\share\interpreter\linkResolver.cpp, line 773]
Event: 12.356 Thread 0x00000271fb7c2220 Exception <a 'java/lang/IncompatibleClassChangeError'{0x00000000d5855be0}: Found class java.lang.Object, but interface was expected> (0x00000000d5855be0) 
thrown [s\src\hotspot\share\interpreter\linkResolver.cpp, line 840]
Event: 12.358 Thread 0x00000271fb7c2220 Exception <a 'java/lang/IncompatibleClassChangeError'{0x00000000d58578f8}: Found class java.lang.Object, but interface was expected> (0x00000000d58578f8) 
thrown [s\src\hotspot\share\interpreter\linkResolver.cpp, line 840]
Event: 13.322 Thread 0x00000271db47b440 Exception <a 'java/lang/NoSuchMethodError'{0x00000000d5a5a878}: 'void java.lang.invoke.DirectMethodHandle$Holder.invokeStaticInit(java.lang.Object, java.lang.Object, java.lang.Object)'> (0x00000000d5a5a878) 
thrown [s\src\hotspot\share\interpreter\linkResolver.cpp, line 773]
Event: 13.333 Thread 0x00000271db47b440 Exception <a 'java/lang/ExceptionInInitializerError'{0x00000000d5a9c250}> (0x00000000d5a9c250) 
thrown [s\src\hotspot\share\oops\instanceKlass.cpp, line 1220]
Event: 13.357 Thread 0x00000271db47b440 Implicit null exception at 0x0000027187dddaf7 to 0x0000027187dddd68
Event: 13.358 Thread 0x00000271db47b440 Exception <a 'java/lang/NoSuchMethodError'{0x00000000d5b38550}: 'long java.lang.invoke.DirectMethodHandle$Holder.invokeStatic(java.lang.Object, java.lang.Object, int)'> (0x00000000d5b38550) 
thrown [s\src\hotspot\share\interpreter\linkResolver.cpp, line 773]
Event: 13.369 Thread 0x00000271db47b440 Implicit null exception at 0x0000027187ce637e to 0x0000027187ce65f0
Event: 13.369 Thread 0x00000271db47b440 Implicit null exception at 0x0000027187c59897 to 0x0000027187c5a79c
Event: 13.375 Thread 0x00000271db47b440 Exception <a 'java/lang/NoSuchMethodError'{0x00000000d5b79050}: 'java.lang.Object java.lang.invoke.Invokers$Holder.invokeExact_MT(java.lang.Object, int, java.lang.Object)'> (0x00000000d5b79050) 
thrown [s\src\hotspot\share\interpreter\linkResolver.cpp, line 773]

ZGC Phase Switch (0 events):
No events

VM Operations (20 events):
Event: 11.497 Executing VM operation: HandshakeAllThreads (Deoptimize)
Event: 11.499 Executing VM operation: HandshakeAllThreads (Deoptimize) done
Event: 11.617 Executing VM operation: HandshakeAllThreads (Deoptimize)
Event: 11.633 Executing VM operation: HandshakeAllThreads (Deoptimize) done
Event: 11.890 Executing VM operation: ParallelGCFailedAllocation (Allocation Failure)
Event: 11.895 Executing VM operation: ParallelGCFailedAllocation (Allocation Failure) done
Event: 12.231 Executing VM operation: HandshakeAllThreads (Deoptimize)
Event: 12.231 Executing VM operation: HandshakeAllThreads (Deoptimize) done
Event: 12.268 Executing VM operation: HandshakeAllThreads (Deoptimize)
Event: 12.271 Executing VM operation: HandshakeAllThreads (Deoptimize) done
Event: 12.308 Executing VM operation: ParallelGCFailedAllocation (Allocation Failure)
Event: 12.314 Executing VM operation: ParallelGCFailedAllocation (Allocation Failure) done
Event: 12.343 Executing VM operation: HandshakeAllThreads (Deoptimize)
Event: 12.344 Executing VM operation: HandshakeAllThreads (Deoptimize) done
Event: 12.707 Executing VM operation: HandshakeAllThreads (Deoptimize)
Event: 12.720 Executing VM operation: HandshakeAllThreads (Deoptimize) done
Event: 13.001 Executing VM operation: ParallelGCFailedAllocation (Allocation Failure)
Event: 13.009 Executing VM operation: ParallelGCFailedAllocation (Allocation Failure) done
Event: 13.780 Executing VM operation: HandshakeAllThreads (Deoptimize)
Event: 13.780 Executing VM operation: HandshakeAllThreads (Deoptimize) done

Memory protections (0 events):
No events

Nmethod flushes (20 events):
Event: 11.078 Thread 0x00000271f946ec10 flushing  nmethod 0x00000271806d9010
Event: 11.078 Thread 0x00000271f946ec10 flushing  nmethod 0x00000271806d9810
Event: 11.078 Thread 0x00000271f946ec10 flushing  nmethod 0x00000271806d9f90
Event: 11.078 Thread 0x00000271f946ec10 flushing  nmethod 0x00000271806db510
Event: 11.078 Thread 0x00000271f946ec10 flushing  nmethod 0x00000271806dba10
Event: 11.078 Thread 0x00000271f946ec10 flushing  nmethod 0x00000271806dbf10
Event: 11.078 Thread 0x00000271f946ec10 flushing  nmethod 0x00000271806dc310
Event: 11.078 Thread 0x00000271f946ec10 flushing  nmethod 0x00000271806dc790
Event: 11.078 Thread 0x00000271f946ec10 flushing  nmethod 0x00000271806dd710
Event: 11.078 Thread 0x00000271f946ec10 flushing  nmethod 0x00000271806df890
Event: 11.078 Thread 0x00000271f946ec10 flushing  nmethod 0x00000271806e0090
Event: 11.078 Thread 0x00000271f946ec10 flushing  nmethod 0x00000271806e1b10
Event: 11.078 Thread 0x00000271f946ec10 flushing  nmethod 0x00000271806eab10
Event: 11.078 Thread 0x00000271f946ec10 flushing  nmethod 0x0000027180740a90
Event: 11.078 Thread 0x00000271f946ec10 flushing  nmethod 0x0000027180745d10
Event: 11.078 Thread 0x00000271f946ec10 flushing  nmethod 0x000002718074b910
Event: 11.078 Thread 0x00000271f946ec10 flushing  nmethod 0x0000027180757910
Event: 11.078 Thread 0x00000271f946ec10 flushing  nmethod 0x00000271807a0610
Event: 11.078 Thread 0x00000271f946ec10 flushing  nmethod 0x00000271807b4510
Event: 11.078 Thread 0x00000271f946ec10 flushing  nmethod 0x00000271807cd610

Events (20 events):
Event: 11.291 Thread 0x00000271fb7c2220 Thread added: 0x00000271db47e8c0
Event: 11.291 Thread 0x00000271fb7c2220 Thread added: 0x00000271db47f5e0
Event: 11.291 Thread 0x00000271fb7c2220 Thread added: 0x00000271da762890
Event: 11.292 Thread 0x00000271fb7c2220 Thread added: 0x00000271da762f20
Event: 11.292 Thread 0x00000271fb7c2220 Thread added: 0x00000271da762200
Event: 11.292 Thread 0x00000271fb7c2220 Thread added: 0x00000271da7635b0
Event: 11.292 Thread 0x00000271fb7c2220 Thread added: 0x00000271da763c40
Event: 11.293 Thread 0x00000271fb7c2220 Thread added: 0x00000271da7607c0
Event: 11.403 Thread 0x00000271fb7c2220 Thread added: 0x00000271da7642d0
Event: 12.212 Thread 0x00000271dde9b460 Thread exited: 0x00000271dde9b460
Event: 12.438 Thread 0x00000271fb7c2220 Thread added: 0x00000271da760e50
Event: 12.443 Thread 0x00000271fb7c2220 Thread added: 0x00000271da764960
Event: 12.566 Thread 0x00000271d46aed90 Thread added: 0x00000271d4864320
Event: 12.566 Thread 0x00000271d46aed90 Thread added: 0x00000271dc3cb5a0
Event: 12.779 Thread 0x00000271dc3cb5a0 Thread exited: 0x00000271dc3cb5a0
Event: 12.845 Thread 0x00000271d4864320 Thread exited: 0x00000271d4864320
Event: 13.060 Thread 0x00000271fb87d6b0 Thread added: 0x00000271d4864320
Event: 13.072 Thread 0x00000271d46aa6e0 Thread added: 0x00000271dc3cb5a0
Event: 13.097 Thread 0x00000271d46aa6e0 Thread added: 0x00000271dd9c1da0
Event: 13.105 Thread 0x00000271d4871230 Thread added: 0x00000271dac4f720


Dynamic libraries:
0x00007ff772b80000 - 0x00007ff772b8e000 	c:\Users\NIKHIL REDDY\.antigravity\extensions\redhat.java-1.52.0-win32-x64\jre\21.0.9-win32-x86_64\bin\java.exe
0x00007ffb2a160000 - 0x00007ffb2a3c7000 	C:\Windows\SYSTEM32\ntdll.dll
0x00007ffb285f0000 - 0x00007ffb286b9000 	C:\Windows\System32\KERNEL32.DLL
0x00007ffb27760000 - 0x00007ffb27b4f000 	C:\Windows\System32\KERNELBASE.dll
0x00007ffb27cd0000 - 0x00007ffb27e1b000 	C:\Windows\System32\ucrtbase.dll
0x00007ffae6f00000 - 0x00007ffae6f1e000 	c:\Users\NIKHIL REDDY\.antigravity\extensions\redhat.java-1.52.0-win32-x64\jre\21.0.9-win32-x86_64\bin\VCRUNTIME140.dll
0x00007ffae6ee0000 - 0x00007ffae6ef8000 	c:\Users\NIKHIL REDDY\.antigravity\extensions\redhat.java-1.52.0-win32-x64\jre\21.0.9-win32-x86_64\bin\jli.dll
0x00007ffb29d00000 - 0x00007ffb29ec5000 	C:\Windows\System32\USER32.dll
0x00007ffb0bc30000 - 0x00007ffb0bec3000 	C:\Windows\WinSxS\amd64_microsoft.windows.common-controls_6595b64144ccf1df_6.0.26100.7309_none_3e05feeae336a044\COMCTL32.dll
0x00007ffb27ed0000 - 0x00007ffb27ef7000 	C:\Windows\System32\win32u.dll
0x00007ffb295c0000 - 0x00007ffb29669000 	C:\Windows\System32\msvcrt.dll
0x00007ffb29910000 - 0x00007ffb2993b000 	C:\Windows\System32\GDI32.dll
0x00007ffb272b0000 - 0x00007ffb273dc000 	C:\Windows\System32\gdi32full.dll
0x00007ffb27c20000 - 0x00007ffb27cc3000 	C:\Windows\System32\msvcp_win.dll
0x00007ffb29c30000 - 0x00007ffb29c61000 	C:\Windows\System32\IMM32.DLL
0x00007ffae6ed0000 - 0x00007ffae6edc000 	c:\Users\NIKHIL REDDY\.antigravity\extensions\redhat.java-1.52.0-win32-x64\jre\21.0.9-win32-x86_64\bin\vcruntime140_1.dll
0x00007ffae6e40000 - 0x00007ffae6ecd000 	c:\Users\NIKHIL REDDY\.antigravity\extensions\redhat.java-1.52.0-win32-x64\jre\21.0.9-win32-x86_64\bin\msvcp140.dll
0x00007ffa3a8c0000 - 0x00007ffa3b660000 	c:\Users\NIKHIL REDDY\.antigravity\extensions\redhat.java-1.52.0-win32-x64\jre\21.0.9-win32-x86_64\bin\server\jvm.dll
0x00007ffb286d0000 - 0x00007ffb28784000 	C:\Windows\System32\ADVAPI32.dll
0x00007ffb29860000 - 0x00007ffb29906000 	C:\Windows\System32\sechost.dll
0x00007ffb29f00000 - 0x00007ffb2a018000 	C:\Windows\System32\RPCRT4.dll
0x00007ffb29c80000 - 0x00007ffb29cf4000 	C:\Windows\System32\WS2_32.dll
0x00007ffb25e90000 - 0x00007ffb25eee000 	C:\Windows\SYSTEM32\POWRPROF.dll
0x00007ffb1c0d0000 - 0x00007ffb1c0db000 	C:\Windows\SYSTEM32\VERSION.dll
0x00007ffb23c80000 - 0x00007ffb23cb5000 	C:\Windows\SYSTEM32\WINMM.dll
0x00007ffb25e70000 - 0x00007ffb25e84000 	C:\Windows\SYSTEM32\UMPDC.dll
0x00007ffb26150000 - 0x00007ffb2616b000 	C:\Windows\SYSTEM32\kernel.appcore.dll
0x00007ffae6e30000 - 0x00007ffae6e3a000 	c:\Users\NIKHIL REDDY\.antigravity\extensions\redhat.java-1.52.0-win32-x64\jre\21.0.9-win32-x86_64\bin\jimage.dll
0x00007ffb24890000 - 0x00007ffb24ad2000 	C:\Windows\SYSTEM32\DBGHELP.DLL
0x00007ffb280c0000 - 0x00007ffb28446000 	C:\Windows\System32\combase.dll
0x00007ffb28f40000 - 0x00007ffb29016000 	C:\Windows\System32\OLEAUT32.dll
0x00007ffb0d940000 - 0x00007ffb0d97c000 	C:\Windows\SYSTEM32\dbgcore.DLL
0x00007ffb27e20000 - 0x00007ffb27ec5000 	C:\Windows\System32\bcryptPrimitives.dll
0x00007ffae2830000 - 0x00007ffae283f000 	c:\Users\NIKHIL REDDY\.antigravity\extensions\redhat.java-1.52.0-win32-x64\jre\21.0.9-win32-x86_64\bin\instrument.dll
0x00007ffae2810000 - 0x00007ffae2830000 	c:\Users\NIKHIL REDDY\.antigravity\extensions\redhat.java-1.52.0-win32-x64\jre\21.0.9-win32-x86_64\bin\java.dll
0x00007ffb28790000 - 0x00007ffb28ee3000 	C:\Windows\System32\SHELL32.dll
0x00007ffb27560000 - 0x00007ffb276ca000 	C:\Windows\System32\wintypes.dll
0x00007ffb24eb0000 - 0x00007ffb2570e000 	C:\Windows\SYSTEM32\windows.storage.dll
0x00007ffb2a020000 - 0x00007ffb2a115000 	C:\Windows\System32\SHCORE.dll
0x00007ffb29020000 - 0x00007ffb29086000 	C:\Windows\System32\shlwapi.dll
0x00007ffb271d0000 - 0x00007ffb271f9000 	C:\Windows\SYSTEM32\profapi.dll
0x00007ffae2740000 - 0x00007ffae2758000 	c:\Users\NIKHIL REDDY\.antigravity\extensions\redhat.java-1.52.0-win32-x64\jre\21.0.9-win32-x86_64\bin\zip.dll
0x00007ffae23d0000 - 0x00007ffae23e0000 	C:\Users\NIKHIL REDDY\.antigravity\extensions\redhat.java-1.52.0-win32-x64\jre\21.0.9-win32-x86_64\bin\net.dll
0x00007ffb1d290000 - 0x00007ffb1d3b8000 	C:\Windows\SYSTEM32\WINHTTP.dll
0x00007ffb266f0000 - 0x00007ffb2675b000 	C:\Windows\system32\mswsock.dll
0x00007fface120000 - 0x00007fface136000 	C:\Users\NIKHIL REDDY\.antigravity\extensions\redhat.java-1.52.0-win32-x64\jre\21.0.9-win32-x86_64\bin\nio.dll
0x00007ffae23c0000 - 0x00007ffae23d0000 	c:\Users\NIKHIL REDDY\.antigravity\extensions\redhat.java-1.52.0-win32-x64\jre\21.0.9-win32-x86_64\bin\verify.dll
0x00007ffa937f0000 - 0x00007ffa93835000 	C:\Users\NIKHIL REDDY\AppData\Roaming\Antigravity\User\globalStorage\redhat.java\1.52.0\config_win\org.eclipse.equinox.launcher\org.eclipse.equinox.launcher.win32.win32.x86_64_1.2.1500.v20260121-1430\eclipse_11919.dll
0x00007ffb28450000 - 0x00007ffb285e7000 	C:\Windows\System32\ole32.dll
0x00007ffad7490000 - 0x00007ffad749a000 	C:\Users\NIKHIL REDDY\.antigravity\extensions\redhat.java-1.52.0-win32-x64\jre\21.0.9-win32-x86_64\bin\management.dll
0x00007ffacfe10000 - 0x00007ffacfe1c000 	C:\Users\NIKHIL REDDY\.antigravity\extensions\redhat.java-1.52.0-win32-x64\jre\21.0.9-win32-x86_64\bin\management_ext.dll
0x00007ffb286c0000 - 0x00007ffb286c8000 	C:\Windows\System32\PSAPI.DLL
0x00007ffb269b0000 - 0x00007ffb269cb000 	C:\Windows\SYSTEM32\CRYPTSP.dll
0x00007ffb260b0000 - 0x00007ffb260ea000 	C:\Windows\system32\rsaenh.dll
0x00007ffb267a0000 - 0x00007ffb267cb000 	C:\Windows\SYSTEM32\USERENV.dll
0x00007ffb271a0000 - 0x00007ffb271ca000 	C:\Windows\SYSTEM32\bcrypt.dll
0x00007ffb269d0000 - 0x00007ffb269dc000 	C:\Windows\SYSTEM32\CRYPTBASE.dll
0x00007ffb25aa0000 - 0x00007ffb25ad4000 	C:\Windows\SYSTEM32\IPHLPAPI.DLL
0x00007ffb29c70000 - 0x00007ffb29c7a000 	C:\Windows\System32\NSI.dll
0x00007ffa456f0000 - 0x00007ffa45739000 	C:\Users\NIKHIL REDDY\AppData\Local\Temp\jna--1595335711\jna10863803568699871604.dll
0x00007ffb1d560000 - 0x00007ffb1d57e000 	C:\Windows\SYSTEM32\dhcpcsvc6.DLL
0x00007ffb1cc30000 - 0x00007ffb1cc53000 	C:\Windows\SYSTEM32\dhcpcsvc.DLL
0x00007ffaca290000 - 0x00007ffaca29e000 	C:\Users\NIKHIL REDDY\.antigravity\extensions\redhat.java-1.52.0-win32-x64\jre\21.0.9-win32-x86_64\bin\sunmscapi.dll
0x00007ffb273e0000 - 0x00007ffb27557000 	C:\Windows\System32\CRYPT32.dll
0x00007ffb26bd0000 - 0x00007ffb26c00000 	C:\Windows\SYSTEM32\ncrypt.dll
0x00007ffb26b80000 - 0x00007ffb26bbf000 	C:\Windows\SYSTEM32\NTASN1.dll
0x00007ffb25b30000 - 0x00007ffb25c5c000 	C:\Windows\SYSTEM32\DNSAPI.dll
0x00007ffb19800000 - 0x00007ffb1980b000 	C:\Windows\System32\rasadhlp.dll
0x00007ffb1bdc0000 - 0x00007ffb1be46000 	C:\Windows\System32\fwpuclnt.dll
0x00007ffaa2ec0000 - 0x00007ffaa2ec9000 	C:\Users\NIKHIL REDDY\.antigravity\extensions\redhat.java-1.52.0-win32-x64\jre\21.0.9-win32-x86_64\bin\extnet.dll

JVMTI agents:
c:\Users\NIKHIL REDDY\.antigravity\extensions\redhat.java-1.52.0-win32-x64\lombok\lombok-1.18.39-4050.jar path:c:\Users\NIKHIL REDDY\.antigravity\extensions\redhat.java-1.52.0-win32-x64\jre\21.0.9-win32-x86_64\bin\instrument.dll, loaded, initialized, instrumentlib options:none

dbghelp: loaded successfully - version: 4.0.5 - missing functions: none
symbol engine: initialized successfully - sym options: 0x614 - pdb path: .;c:\Users\NIKHIL REDDY\.antigravity\extensions\redhat.java-1.52.0-win32-x64\jre\21.0.9-win32-x86_64\bin;C:\Windows\SYSTEM32;C:\Windows\WinSxS\amd64_microsoft.windows.common-controls_6595b64144ccf1df_6.0.26100.7309_none_3e05feeae336a044;c:\Users\NIKHIL REDDY\.antigravity\extensions\redhat.java-1.52.0-win32-x64\jre\21.0.9-win32-x86_64\bin\server;C:\Users\NIKHIL REDDY\AppData\Roaming\Antigravity\User\globalStorage\redhat.java\1.52.0\config_win\org.eclipse.equinox.launcher\org.eclipse.equinox.launcher.win32.win32.x86_64_1.2.1500.v20260121-1430;C:\Users\NIKHIL REDDY\AppData\Local\Temp\jna--1595335711

VM Arguments:
jvm_args: --add-modules=ALL-SYSTEM --add-opens=java.base/java.util=ALL-UNNAMED --add-opens=java.base/java.lang=ALL-UNNAMED --add-opens=java.base/sun.nio.fs=ALL-UNNAMED -Declipse.application=org.eclipse.jdt.ls.core.id1 -Dosgi.bundles.defaultStartLevel=4 -Declipse.product=org.eclipse.jdt.ls.core.product -Djava.import.generatesMetadataFilesAtProjectRoot=false -DDetectVMInstallationsJob.disabled=true -Dfile.encoding=utf8 -XX:+UseParallelGC -XX:GCTimeRatio=4 -XX:AdaptiveSizePolicyWeight=90 -Dsun.zip.disableMemoryMapping=true -Xmx2G -Xms100m -Xlog:disable -javaagent:c:\Users\NIKHIL REDDY\.antigravity\extensions\redhat.java-1.52.0-win32-x64\lombok\lombok-1.18.39-4050.jar -XX:+HeapDumpOnOutOfMemoryError -XX:HeapDumpPath=c:\Users\NIKHIL REDDY\AppData\Roaming\Antigravity\User\workspaceStorage\e7b4b9530855cebf8dbcf06f17617a93\redhat.java -Daether.dependencyCollector.impl=bf 
java_command: c:\Users\NIKHIL REDDY\.antigravity\extensions\redhat.java-1.52.0-win32-x64\server\plugins\org.eclipse.equinox.launcher_1.7.100.v20251111-0406.jar -configuration c:\Users\NIKHIL REDDY\AppData\Roaming\Antigravity\User\globalStorage\redhat.java\1.52.0\config_win -data c:\Users\NIKHIL REDDY\AppData\Roaming\Antigravity\User\workspaceStorage\e7b4b9530855cebf8dbcf06f17617a93\redhat.java\jdt_ws --pipe=\\.\pipe\lsp-da9aff5092703cb3e915a9bfeeb19748-sock
java_class_path (initial): c:\Users\NIKHIL REDDY\.antigravity\extensions\redhat.java-1.52.0-win32-x64\server\plugins\org.eclipse.equinox.launcher_1.7.100.v20251111-0406.jar
Launcher Type: SUN_STANDARD

[Global flags]
    uintx AdaptiveSizePolicyWeight                 = 90                                        {product} {command line}
     intx CICompilerCount                          = 12                                        {product} {ergonomic}
    uintx GCTimeRatio                              = 4                                         {product} {command line}
     bool HeapDumpOnOutOfMemoryError               = true                                   {manageable} {command line}
    ccstr HeapDumpPath                             = c:\Users\NIKHIL REDDY\AppData\Roaming\Antigravity\User\workspaceStorage\e7b4b9530855cebf8dbcf06f17617a93\redhat.java         {manageable} {command line}
   size_t InitialHeapSize                          = 104857600                                 {product} {command line}
   size_t MaxHeapSize                              = 2147483648                                {product} {command line}
   size_t MaxNewSize                               = 715653120                                 {product} {ergonomic}
   size_t MinHeapDeltaBytes                        = 524288                                    {product} {ergonomic}
   size_t MinHeapSize                              = 104857600                                 {product} {command line}
   size_t NewSize                                  = 34603008                                  {product} {ergonomic}
    uintx NonNMethodCodeHeapSize                   = 7602480                                {pd product} {ergonomic}
    uintx NonProfiledCodeHeapSize                  = 122027880                              {pd product} {ergonomic}
   size_t OldSize                                  = 70254592                                  {product} {ergonomic}
    uintx ProfiledCodeHeapSize                     = 122027880                              {pd product} {ergonomic}
    uintx ReservedCodeCacheSize                    = 251658240                              {pd product} {ergonomic}
     bool SegmentedCodeCache                       = true                                      {product} {ergonomic}
   size_t SoftMaxHeapSize                          = 2147483648                             {manageable} {ergonomic}
     bool UseCompressedOops                        = true                           {product lp64_product} {ergonomic}
     bool UseLargePagesIndividualAllocation        = false                                  {pd product} {ergonomic}
     bool UseParallelGC                            = true                                      {product} {command line}

Logging:
Log output configuration:
 #0: stdout all=off uptime,level,tags foldmultilines=false
 #1: stderr all=off uptime,level,tags foldmultilines=false

Release file:
JAVA_VERSION="21.0.9" 
MODULES="java.base java.compiler java.datatransfer java.xml java.prefs java.desktop java.instrument java.logging java.management java.security.sasl java.naming java.rmi java.management.rmi java.net.http java.scripting java.security.jgss java.transaction.xa java.sql java.sql.rowset java.xml.crypto java.se java.smartcardio jdk.accessibility jdk.internal.jvmstat jdk.attach jdk.charsets jdk.internal.opt jdk.zipfs jdk.compiler jdk.crypto.ec jdk.crypto.cryptoki jdk.crypto.mscapi jdk.dynalink jdk.internal.ed jdk.editpad jdk.hotspot.agent jdk.httpserver jdk.internal.le jdk.internal.vm.ci jdk.internal.vm.compiler jdk.internal.vm.compiler.management jdk.jartool jdk.javadoc jdk.jcmd jdk.management jdk.management.agent jdk.jconsole jdk.jdeps jdk.jdwp.agent jdk.jdi jdk.jfr jdk.jshell jdk.jsobject jdk.jstatd jdk.localedata jdk.management.jfr jdk.naming.dns jdk.naming.rmi jdk.net jdk.nio.mapmode jdk.random jdk.sctp jdk.security.auth jdk.security.jgss jdk.unsupported jdk.unsupported.desktop jdk.xml.dom" 

Environment Variables:
PATH=c:\Users\NIKHIL REDDY\AppData\Local\Programs\cursor\resources\app\bin;C:\Windows\system32;C:\Windows;C:\Windows\System32\Wbem;C:\Windows\System32\WindowsPowerShell\v1.0\;C:\Windows\System32\OpenSSH\;C:\Program Files (x86)\NVIDIA Corporation\PhysX\Common;C:\Program Files\NVIDIA Corporation\NVIDIA NvDLISR;C:\Program Files\nodejs\;C:\Program Files\Git\cmd;C:\Users\NIKHIL REDDY\AppData\Local\Programs\Python\Python313\Scripts\;C:\Users\NIKHIL REDDY\AppData\Local\Programs\Python\Python313\;C:\Users\NIKHIL REDDY\AppData\Local\Microsoft\WindowsApps;C:\Users\NIKHIL REDDY\AppData\Local\Programs\cursor\resources\app\bin;C:\Users\NIKHIL REDDY\AppData\Roaming\npm;c:\Users\NIKHIL REDDY\AppData\Local\Programs\cursor\resources\app\bin;C:\Users\NIKHIL REDDY\AppData\Local\Programs\Python\Python313\Scripts\;C:\Users\NIKHIL REDDY\AppData\Local\Programs\Python\Python313\;C:\Users\NIKHIL REDDY\AppData\Local\Microsoft\WindowsApps;C:\Users\NIKHIL REDDY\AppData\Roaming\npm;C:\Users\NIKHIL REDDY\AppData\Local\Programs\Microsoft VS Code\bin;C:\Users\NIKHIL REDDY\AppData\Local\Programs\cursor\resources\app\bin;C:\Users\NIKHIL REDDY\AppData\Local\Programs\Antigravity\bin
USERNAME=NIKHIL REDDY
OS=Windows_NT
PROCESSOR_IDENTIFIER=Intel64 Family 6 Model 183 Stepping 1, GenuineIntel
TMP=C:\Users\NIKHIL~1\AppData\Local\Temp
TEMP=C:\Users\NIKHIL~1\AppData\Local\Temp




Periodic native trim disabled

---------------  S Y S T E M  ---------------

OS:
 Windows 11 , 64 bit Build 26100 (10.0.26100.7623)
OS uptime: 0 days 0:15 hours
Hyper-V role detected

CPU: total 16 (initial active 16) (8 cores per cpu, 2 threads per core) family 6 model 183 stepping 1 microcode 0x12e, cx8, cmov, fxsr, ht, mmx, 3dnowpref, sse, sse2, sse3, ssse3, sse4.1, sse4.2, popcnt, lzcnt, tsc, tscinvbit, avx, avx2, aes, erms, clmul, bmi1, bmi2, adx, sha, fma, vzeroupper, clflush, clflushopt, clwb, hv, serialize, rdtscp, rdpid, fsrm, f16c, cet_ibt, cet_ss
Processor Information for processor 0
  Max Mhz: 2400, Current Mhz: 2400, Mhz Limit: 2400
Processor Information for processor 1
  Max Mhz: 2400, Current Mhz: 2400, Mhz Limit: 2400
Processor Information for processor 2
  Max Mhz: 2400, Current Mhz: 2400, Mhz Limit: 2400
Processor Information for processor 3
  Max Mhz: 2400, Current Mhz: 2400, Mhz Limit: 2400
Processor Information for processor 4
  Max Mhz: 2400, Current Mhz: 2400, Mhz Limit: 2400
Processor Information for processor 5
  Max Mhz: 2400, Current Mhz: 2400, Mhz Limit: 2400
Processor Information for processor 6
  Max Mhz: 2400, Current Mhz: 2400, Mhz Limit: 2400
Processor Information for processor 7
  Max Mhz: 2400, Current Mhz: 2400, Mhz Limit: 2400
Processor Information for processor 8
  Max Mhz: 2400, Current Mhz: 2400, Mhz Limit: 2400
Processor Information for processor 9
  Max Mhz: 2400, Current Mhz: 2400, Mhz Limit: 2400
Processor Information for processor 10
  Max Mhz: 2400, Current Mhz: 2400, Mhz Limit: 2400
Processor Information for processor 11
  Max Mhz: 2400, Current Mhz: 2400, Mhz Limit: 2400
Processor Information for processor 12
  Max Mhz: 2400, Current Mhz: 1466, Mhz Limit: 2400
Processor Information for processor 13
  Max Mhz: 2400, Current Mhz: 1466, Mhz Limit: 2400
Processor Information for processor 14
  Max Mhz: 2400, Current Mhz: 1466, Mhz Limit: 2400
Processor Information for processor 15
  Max Mhz: 2400, Current Mhz: 1466, Mhz Limit: 2400

Memory: 4k page, system-wide physical 24283M (10165M free)
TotalPageFile size 25819M (AvailPageFile size 9340M)
current process WorkingSet (physical memory assigned to process): 221M, peak: 234M
current process commit charge ("private bytes"): 353M, peak: 366M

vm_info: OpenJDK 64-Bit Server VM (21.0.9+10-LTS) for windows-amd64 JRE (21.0.9+10-LTS), built on 2025-10-21T00:00:00Z by "admin" with unknown MS VC++:1942

END.
